{"meta": {"format": 3, "version": "7.13.1", "timestamp": "2025-12-29T01:17:49.302842", "branch_coverage": false, "show_contexts": false}, "files": {"src/cqc_lem/__init__.py": {"executed_lines": [1, 3, 4], "summary": {"covered_lines": 3, "num_statements": 3, "percent_covered": 100.0, "percent_covered_display": "100.0", "missing_lines": 0, "excluded_lines": 0, "percent_statements_covered": 100.0, "percent_statements_covered_display": "100.0"}, "missing_lines": [], "excluded_lines": [], "functions": {"": {"executed_lines": [1, 3, 4], "summary": {"covered_lines": 3, "num_statements": 3, "percent_covered": 100.0, "percent_covered_display": "100.0", "missing_lines": 0, "excluded_lines": 0, "percent_statements_covered": 100.0, "percent_statements_covered_display": "100.0"}, "missing_lines": [], "excluded_lines": [], "start_line": 1}}, "classes": {"": {"executed_lines": [1, 3, 4], "summary": {"covered_lines": 3, "num_statements": 3, "percent_covered": 100.0, "percent_covered_display": "100.0", "missing_lines": 0, "excluded_lines": 0, "percent_statements_covered": 100.0, "percent_statements_covered_display": "100.0"}, "missing_lines": [], "excluded_lines": [], "start_line": 1}}}, "src/cqc_lem/api/__init__.py": {"executed_lines": [], "summary": {"covered_lines": 0, "num_statements": 0, "percent_covered": 100.0, "percent_covered_display": "100.0", "missing_lines": 0, "excluded_lines": 0, "percent_statements_covered": 100.0, "percent_statements_covered_display": "100.0"}, "missing_lines": [], "excluded_lines": [], "functions": {"": {"executed_lines": [], "summary": {"covered_lines": 0, "num_statements": 0, "percent_covered": 100.0, "percent_covered_display": "100.0", "missing_lines": 0, "excluded_lines": 0, "percent_statements_covered": 100.0, "percent_statements_covered_display": "100.0"}, "missing_lines": [], "excluded_lines": [], "start_line": 1}}, "classes": {"": {"executed_lines": [], "summary": {"covered_lines": 0, "num_statements": 0, "percent_covered": 100.0, "percent_covered_display": "100.0", "missing_lines": 0, "excluded_lines": 0, "percent_statements_covered": 100.0, "percent_statements_covered_display": "100.0"}, "missing_lines": [], "excluded_lines": [], "start_line": 1}}}, "src/cqc_lem/api/main.py": {"executed_lines": [], "summary": {"covered_lines": 0, "num_statements": 192, "percent_covered": 0.0, "percent_covered_display": "0.0", "missing_lines": 192, "excluded_lines": 0, "percent_statements_covered": 0.0, "percent_statements_covered_display": "0.0"}, "missing_lines": [1, 2, 3, 4, 5, 6, 8, 9, 10, 11, 12, 14, 15, 16, 17, 18, 19, 20, 21, 22, 23, 24, 25, 26, 28, 30, 31, 32, 34, 36, 37, 38, 40, 50, 51, 52, 55, 56, 57, 58, 59, 60, 61, 63, 64, 65, 66, 67, 69, 70, 71, 74, 77, 78, 79, 80, 81, 82, 83, 86, 87, 88, 91, 95, 102, 104, 105, 107, 109, 115, 116, 118, 119, 122, 126, 129, 131, 132, 134, 135, 137, 141, 145, 147, 148, 150, 152, 157, 160, 164, 166, 167, 170, 178, 181, 185, 187, 188, 190, 192, 197, 200, 204, 206, 207, 209, 211, 212, 214, 217, 221, 223, 224, 226, 227, 228, 231, 235, 238, 243, 246, 248, 249, 251, 254, 255, 259, 260, 263, 266, 267, 269, 270, 271, 275, 277, 283, 284, 285, 288, 296, 298, 299, 302, 303, 306, 309, 315, 318, 319, 322, 324, 326, 328, 329, 332, 335, 337, 338, 342, 345, 352, 353, 354, 355, 356, 359, 360, 361, 366, 367, 368, 369, 370, 371, 373, 374, 375, 378, 383, 384, 386, 396, 397, 398, 400, 401, 402, 403, 404, 405, 407], "excluded_lines": [], "functions": {"PostRequest.post_json": {"executed_lines": [], "summary": {"covered_lines": 0, "num_statements": 3, "percent_covered": 0.0, "percent_covered_display": "0.0", "missing_lines": 3, "excluded_lines": 0, "percent_statements_covered": 0.0, "percent_statements_covered_display": "0.0"}, "missing_lines": [65, 66, 67], "excluded_lines": [], "start_line": 64}, "PostRequest.scheduled_time": {"executed_lines": [], "summary": {"covered_lines": 0, "num_statements": 1, "percent_covered": 0.0, "percent_covered_display": "0.0", "missing_lines": 1, "excluded_lines": 0, "percent_statements_covered": 0.0, "percent_statements_covered_display": "0.0"}, "missing_lines": [74], "excluded_lines": [], "start_line": 71}, "health_check": {"executed_lines": [], "summary": {"covered_lines": 0, "num_statements": 1, "percent_covered": 0.0, "percent_covered_display": "0.0", "missing_lines": 1, "excluded_lines": 0, "percent_statements_covered": 0.0, "percent_statements_covered_display": "0.0"}, "missing_lines": [88], "excluded_lines": [], "start_line": 87}, "automate_reply_commenting_for_post_id": {"executed_lines": [], "summary": {"covered_lines": 0, "num_statements": 9, "percent_covered": 0.0, "percent_covered_display": "0.0", "missing_lines": 9, "excluded_lines": 0, "percent_statements_covered": 0.0, "percent_statements_covered_display": "0.0"}, "missing_lines": [102, 104, 105, 107, 109, 115, 116, 118, 119], "excluded_lines": [], "start_line": 95}, "schedule_post": {"executed_lines": [], "summary": {"covered_lines": 0, "num_statements": 6, "percent_covered": 0.0, "percent_covered_display": "0.0", "missing_lines": 6, "excluded_lines": 0, "percent_statements_covered": 0.0, "percent_statements_covered_display": "0.0"}, "missing_lines": [129, 131, 132, 134, 135, 137], "excluded_lines": [], "start_line": 126}, "create_weekly_content": {"executed_lines": [], "summary": {"covered_lines": 0, "num_statements": 5, "percent_covered": 0.0, "percent_covered_display": "0.0", "missing_lines": 5, "excluded_lines": 0, "percent_statements_covered": 0.0, "percent_statements_covered_display": "0.0"}, "missing_lines": [147, 148, 150, 152, 157], "excluded_lines": [], "start_line": 145}, "invite_to_li_company_page": {"executed_lines": [], "summary": {"covered_lines": 0, "num_statements": 4, "percent_covered": 0.0, "percent_covered_display": "0.0", "missing_lines": 4, "excluded_lines": 0, "percent_statements_covered": 0.0, "percent_statements_covered_display": "0.0"}, "missing_lines": [166, 167, 170, 178], "excluded_lines": [], "start_line": 164}, "aws_test_get_my_profile": {"executed_lines": [], "summary": {"covered_lines": 0, "num_statements": 5, "percent_covered": 0.0, "percent_covered_display": "0.0", "missing_lines": 5, "excluded_lines": 0, "percent_statements_covered": 0.0, "percent_statements_covered_display": "0.0"}, "missing_lines": [187, 188, 190, 192, 197], "excluded_lines": [], "start_line": 185}, "get_user_id_from_email": {"executed_lines": [], "summary": {"covered_lines": 0, "num_statements": 6, "percent_covered": 0.0, "percent_covered_display": "0.0", "missing_lines": 6, "excluded_lines": 0, "percent_statements_covered": 0.0, "percent_statements_covered_display": "0.0"}, "missing_lines": [206, 207, 209, 211, 212, 214], "excluded_lines": [], "start_line": 204}, "get_posts": {"executed_lines": [], "summary": {"covered_lines": 0, "num_statements": 7, "percent_covered": 0.0, "percent_covered_display": "0.0", "missing_lines": 7, "excluded_lines": 0, "percent_statements_covered": 0.0, "percent_statements_covered_display": "0.0"}, "missing_lines": [223, 224, 226, 227, 228, 231, 235], "excluded_lines": [], "start_line": 221}, "update_post": {"executed_lines": [], "summary": {"covered_lines": 0, "num_statements": 4, "percent_covered": 0.0, "percent_covered_display": "0.0", "missing_lines": 4, "excluded_lines": 0, "percent_statements_covered": 0.0, "percent_statements_covered_display": "0.0"}, "missing_lines": [246, 248, 249, 251], "excluded_lines": [], "start_line": 243}, "linkedin_callback": {"executed_lines": [], "summary": {"covered_lines": 0, "num_statements": 20, "percent_covered": 0.0, "percent_covered_display": "0.0", "missing_lines": 20, "excluded_lines": 0, "percent_statements_covered": 0.0, "percent_statements_covered_display": "0.0"}, "missing_lines": [259, 260, 263, 266, 267, 269, 270, 271, 275, 277, 283, 284, 285, 288, 296, 298, 299, 302, 303, 306], "excluded_lines": [], "start_line": 255}, "get_assets": {"executed_lines": [], "summary": {"covered_lines": 0, "num_statements": 12, "percent_covered": 0.0, "percent_covered_display": "0.0", "missing_lines": 12, "excluded_lines": 0, "percent_statements_covered": 0.0, "percent_statements_covered_display": "0.0"}, "missing_lines": [318, 319, 322, 324, 326, 328, 329, 332, 335, 337, 338, 342], "excluded_lines": [], "start_line": 315}, "send_bytes_range_requests": {"executed_lines": [], "summary": {"covered_lines": 0, "num_statements": 5, "percent_covered": 0.0, "percent_covered_display": "0.0", "missing_lines": 5, "excluded_lines": 0, "percent_statements_covered": 0.0, "percent_statements_covered_display": "0.0"}, "missing_lines": [352, 353, 354, 355, 356], "excluded_lines": [], "start_line": 345}, "_get_range_header": {"executed_lines": [], "summary": {"covered_lines": 0, "num_statements": 10, "percent_covered": 0.0, "percent_covered_display": "0.0", "missing_lines": 10, "excluded_lines": 0, "percent_statements_covered": 0.0, "percent_statements_covered_display": "0.0"}, "missing_lines": [360, 366, 367, 368, 369, 370, 371, 373, 374, 375], "excluded_lines": [], "start_line": 359}, "_get_range_header._invalid_range": {"executed_lines": [], "summary": {"covered_lines": 0, "num_statements": 1, "percent_covered": 0.0, "percent_covered_display": "0.0", "missing_lines": 1, "excluded_lines": 0, "percent_statements_covered": 0.0, "percent_statements_covered_display": "0.0"}, "missing_lines": [361], "excluded_lines": [], "start_line": 360}, "range_requests_response": {"executed_lines": [], "summary": {"covered_lines": 0, "num_statements": 13, "percent_covered": 0.0, "percent_covered_display": "0.0", "missing_lines": 13, "excluded_lines": 0, "percent_statements_covered": 0.0, "percent_statements_covered_display": "0.0"}, "missing_lines": [383, 384, 386, 396, 397, 398, 400, 401, 402, 403, 404, 405, 407], "excluded_lines": [], "start_line": 378}, "": {"executed_lines": [], "summary": {"covered_lines": 0, "num_statements": 80, "percent_covered": 0.0, "percent_covered_display": "0.0", "missing_lines": 80, "excluded_lines": 0, "percent_statements_covered": 0.0, "percent_statements_covered_display": "0.0"}, "missing_lines": [1, 2, 3, 4, 5, 6, 8, 9, 10, 11, 12, 14, 15, 16, 17, 18, 19, 20, 21, 22, 23, 24, 25, 26, 28, 30, 31, 32, 34, 36, 37, 38, 40, 50, 51, 52, 55, 56, 57, 58, 59, 60, 61, 63, 64, 69, 70, 71, 77, 78, 79, 80, 81, 82, 83, 86, 87, 91, 95, 122, 126, 141, 145, 160, 164, 181, 185, 200, 204, 217, 221, 238, 243, 254, 255, 309, 315, 345, 359, 378], "excluded_lines": [], "start_line": 1}}, "classes": {"ResponseModel": {"executed_lines": [], "summary": {"covered_lines": 0, "num_statements": 0, "percent_covered": 100.0, "percent_covered_display": "100.0", "missing_lines": 0, "excluded_lines": 0, "percent_statements_covered": 100.0, "percent_statements_covered_display": "100.0"}, "missing_lines": [], "excluded_lines": [], "start_line": 50}, "PostRequest": {"executed_lines": [], "summary": {"covered_lines": 0, "num_statements": 4, "percent_covered": 0.0, "percent_covered_display": "0.0", "missing_lines": 4, "excluded_lines": 0, "percent_statements_covered": 0.0, "percent_statements_covered_display": "0.0"}, "missing_lines": [65, 66, 67, 74], "excluded_lines": [], "start_line": 55}, "FutureForwardValues": {"executed_lines": [], "summary": {"covered_lines": 0, "num_statements": 0, "percent_covered": 100.0, "percent_covered_display": "100.0", "missing_lines": 0, "excluded_lines": 0, "percent_statements_covered": 100.0, "percent_statements_covered_display": "100.0"}, "missing_lines": [], "excluded_lines": [], "start_line": 77}, "": {"executed_lines": [], "summary": {"covered_lines": 0, "num_statements": 188, "percent_covered": 0.0, "percent_covered_display": "0.0", "missing_lines": 188, "excluded_lines": 0, "percent_statements_covered": 0.0, "percent_statements_covered_display": "0.0"}, "missing_lines": [1, 2, 3, 4, 5, 6, 8, 9, 10, 11, 12, 14, 15, 16, 17, 18, 19, 20, 21, 22, 23, 24, 25, 26, 28, 30, 31, 32, 34, 36, 37, 38, 40, 50, 51, 52, 55, 56, 57, 58, 59, 60, 61, 63, 64, 69, 70, 71, 77, 78, 79, 80, 81, 82, 83, 86, 87, 88, 91, 95, 102, 104, 105, 107, 109, 115, 116, 118, 119, 122, 126, 129, 131, 132, 134, 135, 137, 141, 145, 147, 148, 150, 152, 157, 160, 164, 166, 167, 170, 178, 181, 185, 187, 188, 190, 192, 197, 200, 204, 206, 207, 209, 211, 212, 214, 217, 221, 223, 224, 226, 227, 228, 231, 235, 238, 243, 246, 248, 249, 251, 254, 255, 259, 260, 263, 266, 267, 269, 270, 271, 275, 277, 283, 284, 285, 288, 296, 298, 299, 302, 303, 306, 309, 315, 318, 319, 322, 324, 326, 328, 329, 332, 335, 337, 338, 342, 345, 352, 353, 354, 355, 356, 359, 360, 361, 366, 367, 368, 369, 370, 371, 373, 374, 375, 378, 383, 384, 386, 396, 397, 398, 400, 401, 402, 403, 404, 405, 407], "excluded_lines": [], "start_line": 1}}}, "src/cqc_lem/app/__init__.py": {"executed_lines": [], "summary": {"covered_lines": 0, "num_statements": 4, "percent_covered": 0.0, "percent_covered_display": "0.0", "missing_lines": 4, "excluded_lines": 0, "percent_statements_covered": 0.0, "percent_statements_covered_display": "0.0"}, "missing_lines": [1, 2, 3, 4], "excluded_lines": [], "functions": {"": {"executed_lines": [], "summary": {"covered_lines": 0, "num_statements": 4, "percent_covered": 0.0, "percent_covered_display": "0.0", "missing_lines": 4, "excluded_lines": 0, "percent_statements_covered": 0.0, "percent_statements_covered_display": "0.0"}, "missing_lines": [1, 2, 3, 4], "excluded_lines": [], "start_line": 1}}, "classes": {"": {"executed_lines": [], "summary": {"covered_lines": 0, "num_statements": 4, "percent_covered": 0.0, "percent_covered_display": "0.0", "missing_lines": 4, "excluded_lines": 0, "percent_statements_covered": 0.0, "percent_statements_covered_display": "0.0"}, "missing_lines": [1, 2, 3, 4], "excluded_lines": [], "start_line": 1}}}, "src/cqc_lem/app/aws_test_celery_task.py": {"executed_lines": [], "summary": {"covered_lines": 0, "num_statements": 25, "percent_covered": 0.0, "percent_covered_display": "0.0", "missing_lines": 25, "excluded_lines": 0, "percent_statements_covered": 0.0, "percent_statements_covered_display": "0.0"}, "missing_lines": [1, 2, 3, 4, 5, 8, 9, 10, 11, 14, 15, 16, 17, 19, 22, 25, 26, 28, 29, 30, 32, 33, 34, 35, 37], "excluded_lines": [], "functions": {"test_task": {"executed_lines": [], "summary": {"covered_lines": 0, "num_statements": 2, "percent_covered": 0.0, "percent_covered_display": "0.0", "missing_lines": 2, "excluded_lines": 0, "percent_statements_covered": 0.0, "percent_statements_covered_display": "0.0"}, "missing_lines": [10, 11], "excluded_lines": [], "start_line": 9}, "test_get_my_profile": {"executed_lines": [], "summary": {"covered_lines": 0, "num_statements": 14, "percent_covered": 0.0, "percent_covered_display": "0.0", "missing_lines": 14, "excluded_lines": 0, "percent_statements_covered": 0.0, "percent_statements_covered_display": "0.0"}, "missing_lines": [16, 17, 19, 22, 25, 26, 28, 29, 30, 32, 33, 34, 35, 37], "excluded_lines": [], "start_line": 15}, "": {"executed_lines": [], "summary": {"covered_lines": 0, "num_statements": 9, "percent_covered": 0.0, "percent_covered_display": "0.0", "missing_lines": 9, "excluded_lines": 0, "percent_statements_covered": 0.0, "percent_statements_covered_display": "0.0"}, "missing_lines": [1, 2, 3, 4, 5, 8, 9, 14, 15], "excluded_lines": [], "start_line": 1}}, "classes": {"": {"executed_lines": [], "summary": {"covered_lines": 0, "num_statements": 25, "percent_covered": 0.0, "percent_covered_display": "0.0", "missing_lines": 25, "excluded_lines": 0, "percent_statements_covered": 0.0, "percent_statements_covered_display": "0.0"}, "missing_lines": [1, 2, 3, 4, 5, 8, 9, 10, 11, 14, 15, 16, 17, 19, 22, 25, 26, 28, 29, 30, 32, 33, 34, 35, 37], "excluded_lines": [], "start_line": 1}}}, "src/cqc_lem/app/celeryconfig.py": {"executed_lines": [], "summary": {"covered_lines": 0, "num_statements": 51, "percent_covered": 0.0, "percent_covered_display": "0.0", "missing_lines": 51, "excluded_lines": 0, "percent_statements_covered": 0.0, "percent_statements_covered_display": "0.0"}, "missing_lines": [1, 3, 4, 7, 10, 11, 12, 13, 14, 15, 18, 21, 25, 28, 31, 33, 36, 40, 44, 49, 52, 55, 56, 60, 63, 68, 71, 77, 78, 79, 80, 81, 83, 84, 86, 87, 88, 89, 90, 91, 93, 94, 95, 96, 99, 100, 102, 118, 120, 121, 122], "excluded_lines": [], "functions": {"get_aws_sqs": {"executed_lines": [], "summary": {"covered_lines": 0, "num_statements": 2, "percent_covered": 0.0, "percent_covered_display": "0.0", "missing_lines": 2, "excluded_lines": 0, "percent_statements_covered": 0.0, "percent_statements_covered_display": "0.0"}, "missing_lines": [63, 68], "excluded_lines": [], "start_line": 60}, "setup_aws_sqs_config": {"executed_lines": [], "summary": {"covered_lines": 0, "num_statements": 23, "percent_covered": 0.0, "percent_covered_display": "0.0", "missing_lines": 23, "excluded_lines": 0, "percent_statements_covered": 0.0, "percent_statements_covered_display": "0.0"}, "missing_lines": [78, 79, 80, 81, 83, 84, 86, 87, 88, 89, 90, 91, 93, 94, 95, 96, 99, 100, 102, 118, 120, 121, 122], "excluded_lines": [], "start_line": 77}, "": {"executed_lines": [], "summary": {"covered_lines": 0, "num_statements": 26, "percent_covered": 0.0, "percent_covered_display": "0.0", "missing_lines": 26, "excluded_lines": 0, "percent_statements_covered": 0.0, "percent_statements_covered_display": "0.0"}, "missing_lines": [1, 3, 4, 7, 10, 11, 12, 13, 14, 15, 18, 21, 25, 28, 31, 33, 36, 40, 44, 49, 52, 55, 56, 60, 71, 77], "excluded_lines": [], "start_line": 1}}, "classes": {"": {"executed_lines": [], "summary": {"covered_lines": 0, "num_statements": 51, "percent_covered": 0.0, "percent_covered_display": "0.0", "missing_lines": 51, "excluded_lines": 0, "percent_statements_covered": 0.0, "percent_statements_covered_display": "0.0"}, "missing_lines": [1, 3, 4, 7, 10, 11, 12, 13, 14, 15, 18, 21, 25, 28, 31, 33, 36, 40, 44, 49, 52, 55, 56, 60, 63, 68, 71, 77, 78, 79, 80, 81, 83, 84, 86, 87, 88, 89, 90, 91, 93, 94, 95, 96, 99, 100, 102, 118, 120, 121, 122], "excluded_lines": [], "start_line": 1}}}, "src/cqc_lem/app/my_celery.py": {"executed_lines": [], "summary": {"covered_lines": 0, "num_statements": 59, "percent_covered": 0.0, "percent_covered_display": "0.0", "missing_lines": 59, "excluded_lines": 0, "percent_statements_covered": 0.0, "percent_statements_covered_display": "0.0"}, "missing_lines": [1, 3, 4, 5, 6, 7, 9, 10, 11, 12, 13, 14, 17, 26, 31, 35, 46, 94, 108, 109, 110, 112, 113, 116, 117, 118, 120, 121, 122, 123, 125, 128, 131, 132, 134, 143, 145, 146, 147, 149, 150, 151, 154, 155, 156, 157, 164, 165, 166, 169, 170, 173, 179, 180, 183, 200, 203, 204, 206], "excluded_lines": [], "functions": {"init_celery_tracing": {"executed_lines": [], "summary": {"covered_lines": 0, "num_statements": 11, "percent_covered": 0.0, "percent_covered_display": "0.0", "missing_lines": 11, "excluded_lines": 0, "percent_statements_covered": 0.0, "percent_statements_covered_display": "0.0"}, "missing_lines": [110, 112, 113, 116, 117, 118, 120, 121, 122, 123, 125], "excluded_lines": [], "start_line": 109}, "get_queue_metric": {"executed_lines": [], "summary": {"covered_lines": 0, "num_statements": 10, "percent_covered": 0.0, "percent_covered_display": "0.0", "missing_lines": 10, "excluded_lines": 0, "percent_statements_covered": 0.0, "percent_statements_covered_display": "0.0"}, "missing_lines": [131, 132, 134, 143, 145, 146, 147, 149, 150, 151], "excluded_lines": [], "start_line": 128}, "update_queue_length_metric": {"executed_lines": [], "summary": {"covered_lines": 0, "num_statements": 13, "percent_covered": 0.0, "percent_covered_display": "0.0", "missing_lines": 13, "excluded_lines": 0, "percent_statements_covered": 0.0, "percent_statements_covered_display": "0.0"}, "missing_lines": [164, 165, 166, 169, 170, 173, 179, 180, 183, 200, 203, 204, 206], "excluded_lines": [], "start_line": 157}, "": {"executed_lines": [], "summary": {"covered_lines": 0, "num_statements": 25, "percent_covered": 0.0, "percent_covered_display": "0.0", "missing_lines": 25, "excluded_lines": 0, "percent_statements_covered": 0.0, "percent_statements_covered_display": "0.0"}, "missing_lines": [1, 3, 4, 5, 6, 7, 9, 10, 11, 12, 13, 14, 17, 26, 31, 35, 46, 94, 108, 109, 128, 154, 155, 156, 157], "excluded_lines": [], "start_line": 1}}, "classes": {"": {"executed_lines": [], "summary": {"covered_lines": 0, "num_statements": 59, "percent_covered": 0.0, "percent_covered_display": "0.0", "missing_lines": 59, "excluded_lines": 0, "percent_statements_covered": 0.0, "percent_statements_covered_display": "0.0"}, "missing_lines": [1, 3, 4, 5, 6, 7, 9, 10, 11, 12, 13, 14, 17, 26, 31, 35, 46, 94, 108, 109, 110, 112, 113, 116, 117, 118, 120, 121, 122, 123, 125, 128, 131, 132, 134, 143, 145, 146, 147, 149, 150, 151, 154, 155, 156, 157, 164, 165, 166, 169, 170, 173, 179, 180, 183, 200, 203, 204, 206], "excluded_lines": [], "start_line": 1}}}, "src/cqc_lem/app/run_automation.py": {"executed_lines": [], "summary": {"covered_lines": 0, "num_statements": 686, "percent_covered": 0.0, "percent_covered_display": "0.0", "missing_lines": 686, "excluded_lines": 2, "percent_statements_covered": 0.0, "percent_statements_covered_display": "0.0"}, "missing_lines": [1, 2, 3, 4, 5, 6, 7, 8, 10, 11, 12, 13, 14, 17, 18, 19, 20, 21, 22, 25, 26, 27, 28, 29, 30, 31, 32, 35, 38, 39, 42, 45, 46, 47, 48, 49, 50, 51, 52, 53, 54, 55, 56, 59, 61, 64, 65, 68, 70, 72, 73, 75, 77, 81, 84, 87, 88, 90, 92, 93, 98, 99, 102, 103, 105, 106, 108, 110, 113, 116, 118, 120, 122, 125, 127, 129, 134, 137, 139, 140, 142, 145, 147, 150, 152, 153, 154, 157, 159, 162, 164, 166, 169, 171, 172, 175, 178, 180, 181, 182, 184, 186, 189, 195, 197, 198, 200, 201, 203, 205, 207, 208, 209, 211, 212, 214, 215, 216, 218, 220, 222, 224, 226, 228, 230, 233, 235, 239, 240, 241, 243, 245, 247, 249, 252, 254, 256, 259, 264, 267, 270, 273, 275, 277, 279, 283, 284, 287, 290, 293, 295, 297, 298, 300, 303, 307, 312, 314, 315, 318, 319, 321, 324, 325, 329, 330, 333, 336, 337, 338, 341, 343, 344, 345, 346, 347, 348, 349, 350, 351, 352, 354, 355, 356, 357, 358, 359, 360, 361, 363, 365, 368, 370, 372, 373, 375, 378, 379, 382, 385, 389, 390, 392, 395, 396, 399, 401, 403, 405, 407, 409, 412, 414, 415, 417, 419, 421, 422, 423, 424, 425, 428, 430, 431, 434, 435, 438, 440, 441, 444, 447, 449, 452, 453, 454, 455, 456, 457, 458, 461, 462, 465, 467, 469, 470, 472, 474, 475, 476, 478, 480, 483, 485, 488, 490, 492, 494, 496, 499, 502, 504, 506, 507, 510, 511, 517, 518, 519, 521, 523, 526, 531, 532, 533, 536, 537, 540, 541, 544, 547, 549, 553, 559, 560, 562, 563, 564, 565, 567, 570, 571, 573, 576, 583, 586, 589, 593, 597, 604, 607, 612, 618, 621, 624, 625, 627, 630, 633, 634, 637, 638, 641, 642, 645, 648, 649, 651, 653, 654, 655, 656, 657, 660, 661, 664, 665, 667, 670, 671, 674, 675, 676, 677, 679, 681, 684, 687, 689, 691, 694, 696, 699, 704, 707, 710, 711, 712, 714, 715, 716, 718, 721, 724, 727, 728, 730, 732, 733, 735, 737, 739, 742, 744, 745, 746, 762, 763, 764, 765, 766, 767, 768, 771, 772, 775, 777, 779, 780, 782, 784, 785, 786, 788, 790, 793, 794, 796, 799, 802, 803, 804, 806, 808, 810, 814, 815, 816, 818, 821, 824, 825, 833, 834, 835, 838, 839, 840, 843, 845, 855, 858, 860, 862, 865, 866, 869, 871, 873, 875, 878, 880, 882, 884, 886, 892, 895, 898, 901, 902, 905, 906, 908, 909, 910, 914, 918, 920, 922, 925, 926, 929, 932, 933, 935, 937, 939, 940, 942, 944, 945, 948, 952, 954, 957, 959, 961, 962, 965, 966, 969, 972, 975, 978, 980, 983, 984, 985, 986, 987, 988, 989, 992, 993, 996, 998, 1000, 1001, 1004, 1005, 1006, 1007, 1009, 1011, 1014, 1016, 1017, 1019, 1020, 1023, 1024, 1025, 1028, 1031, 1033, 1035, 1037, 1039, 1040, 1041, 1045, 1046, 1048, 1050, 1053, 1056, 1060, 1063, 1064, 1067, 1068, 1069, 1071, 1072, 1078, 1081, 1084, 1087, 1090, 1093, 1096, 1099, 1100, 1101, 1103, 1108, 1109, 1111, 1112, 1113, 1116, 1119, 1120, 1121, 1123, 1124, 1126, 1127, 1128, 1131, 1136, 1138, 1141, 1143, 1155, 1158, 1160, 1163, 1165, 1167, 1170, 1172, 1174, 1176, 1178, 1181, 1185, 1189, 1191, 1195, 1199, 1202, 1205, 1208, 1210, 1212, 1213, 1217, 1221, 1223, 1224, 1227, 1229, 1232, 1234, 1236, 1238, 1240, 1242, 1244, 1246, 1249, 1250, 1253, 1256, 1258, 1260, 1266, 1269, 1274, 1275, 1276, 1277, 1280, 1281, 1282, 1285, 1288, 1291, 1294, 1296, 1299, 1301, 1302, 1304, 1307, 1309, 1312, 1314, 1317, 1321, 1322, 1323, 1324, 1325, 1328, 1329, 1333, 1334, 1335, 1336, 1337, 1338, 1339, 1340, 1342, 1344, 1347, 1349, 1352, 1354, 1355, 1356, 1357, 1360, 1362, 1363, 1364, 1365, 1366, 1369, 1373, 1375, 1377, 1379, 1381, 1382, 1384, 1385, 1386, 1387, 1389, 1415, 1417, 1421, 1422, 1427, 1428, 1431, 1432, 1435, 1438, 1439, 1441, 1443, 1444, 1445, 1448, 1451, 1456, 1462, 1464, 1467, 1469, 1472, 1475, 1477, 1480, 1482, 1484, 1486, 1487, 1488, 1490, 1492, 1493, 1494], "excluded_lines": [1392, 1412], "functions": {"countdown_timer": {"executed_lines": [], "summary": {"covered_lines": 0, "num_statements": 12, "percent_covered": 0.0, "percent_covered_display": "0.0", "missing_lines": 12, "excluded_lines": 0, "percent_statements_covered": 0.0, "percent_statements_covered_display": "0.0"}, "missing_lines": [45, 46, 47, 48, 49, 50, 51, 52, 53, 54, 55, 56], "excluded_lines": [], "start_line": 42}, "get_time_remaining_seconds": {"executed_lines": [], "summary": {"covered_lines": 0, "num_statements": 1, "percent_covered": 0.0, "percent_covered_display": "0.0", "missing_lines": 1, "excluded_lines": 0, "percent_statements_covered": 0.0, "percent_statements_covered_display": "0.0"}, "missing_lines": [61], "excluded_lines": [], "start_line": 59}, "get_time_remaining_minutes": {"executed_lines": [], "summary": {"covered_lines": 0, "num_statements": 1, "percent_covered": 0.0, "percent_covered_display": "0.0", "missing_lines": 1, "excluded_lines": 0, "percent_statements_covered": 0.0, "percent_statements_covered_display": "0.0"}, "missing_lines": [65], "excluded_lines": [], "start_line": 64}, "navigate_to_feed": {"executed_lines": [], "summary": {"covered_lines": 0, "num_statements": 12, "percent_covered": 0.0, "percent_covered_display": "0.0", "missing_lines": 12, "excluded_lines": 0, "percent_statements_covered": 0.0, "percent_statements_covered_display": "0.0"}, "missing_lines": [70, 72, 73, 75, 77, 81, 84, 87, 88, 90, 92, 93], "excluded_lines": [], "start_line": 68}, "get_feed_posts": {"executed_lines": [], "summary": {"covered_lines": 0, "num_statements": 16, "percent_covered": 0.0, "percent_covered_display": "0.0", "missing_lines": 16, "excluded_lines": 0, "percent_statements_covered": 0.0, "percent_statements_covered_display": "0.0"}, "missing_lines": [99, 102, 103, 105, 106, 108, 110, 113, 116, 118, 120, 122, 125, 127, 129, 134], "excluded_lines": [], "start_line": 98}, "simulate_reading_time": {"executed_lines": [], "summary": {"covered_lines": 0, "num_statements": 3, "percent_covered": 0.0, "percent_covered_display": "0.0", "missing_lines": 3, "excluded_lines": 0, "percent_statements_covered": 0.0, "percent_statements_covered_display": "0.0"}, "missing_lines": [139, 140, 142], "excluded_lines": [], "start_line": 137}, "simulate_thinking_time": {"executed_lines": [], "summary": {"covered_lines": 0, "num_statements": 1, "percent_covered": 0.0, "percent_covered_display": "0.0", "missing_lines": 1, "excluded_lines": 0, "percent_statements_covered": 0.0, "percent_statements_covered_display": "0.0"}, "missing_lines": [147], "excluded_lines": [], "start_line": 145}, "simulate_writing_time": {"executed_lines": [], "summary": {"covered_lines": 0, "num_statements": 3, "percent_covered": 0.0, "percent_covered_display": "0.0", "missing_lines": 3, "excluded_lines": 0, "percent_statements_covered": 0.0, "percent_statements_covered_display": "0.0"}, "missing_lines": [152, 153, 154], "excluded_lines": [], "start_line": 150}, "emoji_to_ue_string": {"executed_lines": [], "summary": {"covered_lines": 0, "num_statements": 1, "percent_covered": 0.0, "percent_covered_display": "0.0", "missing_lines": 1, "excluded_lines": 0, "percent_statements_covered": 0.0, "percent_statements_covered_display": "0.0"}, "missing_lines": [159], "excluded_lines": [], "start_line": 157}, "clear_text_from_element": {"executed_lines": [], "summary": {"covered_lines": 0, "num_statements": 2, "percent_covered": 0.0, "percent_covered_display": "0.0", "missing_lines": 2, "excluded_lines": 0, "percent_statements_covered": 0.0, "percent_statements_covered_display": "0.0"}, "missing_lines": [164, 166], "excluded_lines": [], "start_line": 162}, "simulate_typing": {"executed_lines": [], "summary": {"covered_lines": 0, "num_statements": 32, "percent_covered": 0.0, "percent_covered_display": "0.0", "missing_lines": 32, "excluded_lines": 0, "percent_statements_covered": 0.0, "percent_statements_covered_display": "0.0"}, "missing_lines": [171, 172, 175, 178, 180, 181, 182, 184, 186, 189, 195, 197, 198, 200, 201, 203, 205, 207, 208, 209, 211, 212, 214, 215, 216, 218, 220, 222, 224, 226, 228, 230], "excluded_lines": [], "start_line": 169}, "comment_on_post": {"executed_lines": [], "summary": {"covered_lines": 0, "num_statements": 64, "percent_covered": 0.0, "percent_covered_display": "0.0", "missing_lines": 64, "excluded_lines": 0, "percent_statements_covered": 0.0, "percent_statements_covered_display": "0.0"}, "missing_lines": [239, 240, 241, 243, 245, 247, 249, 252, 254, 256, 259, 264, 267, 270, 273, 275, 277, 279, 283, 284, 287, 290, 293, 295, 297, 298, 300, 303, 307, 312, 314, 315, 318, 319, 321, 324, 325, 329, 330, 333, 336, 337, 338, 341, 343, 344, 345, 346, 347, 348, 349, 350, 351, 352, 354, 355, 356, 357, 358, 359, 360, 361, 363, 365], "excluded_lines": [], "start_line": 235}, "check_commented": {"executed_lines": [], "summary": {"covered_lines": 0, "num_statements": 11, "percent_covered": 0.0, "percent_covered_display": "0.0", "missing_lines": 11, "excluded_lines": 0, "percent_statements_covered": 0.0, "percent_statements_covered_display": "0.0"}, "missing_lines": [370, 372, 373, 375, 378, 379, 382, 385, 389, 390, 392], "excluded_lines": [], "start_line": 368}, "automate_commenting": {"executed_lines": [], "summary": {"covered_lines": 0, "num_statements": 46, "percent_covered": 0.0, "percent_covered_display": "0.0", "missing_lines": 46, "excluded_lines": 0, "percent_statements_covered": 0.0, "percent_statements_covered_display": "0.0"}, "missing_lines": [399, 401, 403, 405, 407, 409, 412, 414, 415, 417, 419, 421, 422, 423, 424, 425, 428, 430, 431, 434, 435, 438, 440, 441, 444, 447, 449, 452, 453, 454, 455, 456, 457, 458, 461, 462, 465, 467, 469, 470, 472, 474, 475, 476, 478, 480], "excluded_lines": [], "start_line": 396}, "automate_reply_commenting": {"executed_lines": [], "summary": {"covered_lines": 0, "num_statements": 82, "percent_covered": 0.0, "percent_covered_display": "0.0", "missing_lines": 82, "excluded_lines": 0, "percent_statements_covered": 0.0, "percent_statements_covered_display": "0.0"}, "missing_lines": [488, 490, 492, 494, 496, 499, 502, 504, 506, 507, 510, 511, 517, 518, 519, 521, 523, 526, 531, 532, 533, 536, 537, 540, 541, 544, 547, 549, 553, 559, 560, 562, 563, 564, 565, 567, 570, 571, 573, 576, 583, 586, 589, 593, 597, 604, 607, 612, 618, 621, 624, 625, 627, 630, 633, 634, 637, 638, 641, 642, 645, 648, 649, 651, 653, 654, 655, 656, 657, 660, 661, 664, 665, 667, 670, 671, 674, 675, 676, 677, 679, 681], "excluded_lines": [], "start_line": 485}, "accept_connection_request": {"executed_lines": [], "summary": {"covered_lines": 0, "num_statements": 16, "percent_covered": 0.0, "percent_covered_display": "0.0", "missing_lines": 16, "excluded_lines": 0, "percent_statements_covered": 0.0, "percent_statements_covered_display": "0.0"}, "missing_lines": [687, 689, 691, 694, 696, 699, 704, 707, 710, 711, 712, 714, 715, 716, 718, 721], "excluded_lines": [], "start_line": 684}, "automate_appreciation_dms_for_user": {"executed_lines": [], "summary": {"covered_lines": 0, "num_statements": 30, "percent_covered": 0.0, "percent_covered_display": "0.0", "missing_lines": 30, "excluded_lines": 0, "percent_statements_covered": 0.0, "percent_statements_covered_display": "0.0"}, "missing_lines": [728, 730, 732, 733, 735, 737, 739, 742, 744, 745, 746, 762, 763, 764, 765, 766, 767, 768, 771, 772, 775, 777, 779, 780, 782, 784, 785, 786, 788, 790], "excluded_lines": [], "start_line": 727}, "generate_and_post_comment": {"executed_lines": [], "summary": {"covered_lines": 0, "num_statements": 28, "percent_covered": 0.0, "percent_covered_display": "0.0", "missing_lines": 28, "excluded_lines": 0, "percent_statements_covered": 0.0, "percent_statements_covered_display": "0.0"}, "missing_lines": [794, 796, 799, 802, 803, 804, 806, 808, 810, 814, 815, 816, 818, 821, 824, 825, 833, 834, 835, 838, 839, 840, 843, 845, 855, 858, 860, 862], "excluded_lines": [], "start_line": 793}, "automate_profile_viewer_engagement": {"executed_lines": [], "summary": {"covered_lines": 0, "num_statements": 68, "percent_covered": 0.0, "percent_covered_display": "0.0", "missing_lines": 68, "excluded_lines": 0, "percent_statements_covered": 0.0, "percent_statements_covered_display": "0.0"}, "missing_lines": [869, 871, 873, 875, 878, 880, 882, 884, 886, 892, 895, 898, 901, 902, 905, 906, 908, 909, 910, 914, 918, 920, 922, 925, 926, 929, 932, 933, 935, 937, 939, 940, 942, 944, 945, 948, 952, 954, 957, 959, 961, 962, 965, 966, 969, 972, 975, 978, 980, 983, 984, 985, 986, 987, 988, 989, 992, 993, 996, 998, 1000, 1001, 1004, 1005, 1006, 1007, 1009, 1011], "excluded_lines": [], "start_line": 866}, "engage_with_profile_viewer": {"executed_lines": [], "summary": {"covered_lines": 0, "num_statements": 56, "percent_covered": 0.0, "percent_covered_display": "0.0", "missing_lines": 56, "excluded_lines": 0, "percent_statements_covered": 0.0, "percent_statements_covered_display": "0.0"}, "missing_lines": [1017, 1019, 1020, 1023, 1024, 1025, 1028, 1031, 1033, 1035, 1037, 1039, 1040, 1041, 1045, 1046, 1048, 1050, 1053, 1056, 1060, 1063, 1064, 1067, 1068, 1069, 1071, 1072, 1078, 1081, 1084, 1087, 1090, 1093, 1096, 1099, 1100, 1101, 1103, 1108, 1109, 1111, 1112, 1113, 1116, 1119, 1120, 1121, 1123, 1124, 1126, 1127, 1128, 1131, 1136, 1138], "excluded_lines": [], "start_line": 1016}, "clean_stale_invites": {"executed_lines": [], "summary": {"covered_lines": 0, "num_statements": 1, "percent_covered": 0.0, "percent_covered_display": "0.0", "missing_lines": 1, "excluded_lines": 0, "percent_statements_covered": 0.0, "percent_statements_covered_display": "0.0"}, "missing_lines": [1155], "excluded_lines": [], "start_line": 1143}, "send_private_dm": {"executed_lines": [], "summary": {"covered_lines": 0, "num_statements": 24, "percent_covered": 0.0, "percent_covered_display": "0.0", "missing_lines": 24, "excluded_lines": 0, "percent_statements_covered": 0.0, "percent_statements_covered_display": "0.0"}, "missing_lines": [1163, 1165, 1167, 1170, 1172, 1174, 1176, 1178, 1181, 1185, 1189, 1191, 1195, 1199, 1202, 1205, 1208, 1210, 1212, 1213, 1217, 1221, 1223, 1224], "excluded_lines": [], "start_line": 1160}, "invite_to_connect": {"executed_lines": [], "summary": {"covered_lines": 0, "num_statements": 54, "percent_covered": 0.0, "percent_covered_display": "0.0", "missing_lines": 54, "excluded_lines": 0, "percent_statements_covered": 0.0, "percent_statements_covered_display": "0.0"}, "missing_lines": [1232, 1234, 1236, 1238, 1240, 1242, 1244, 1246, 1249, 1250, 1253, 1256, 1258, 1260, 1266, 1269, 1274, 1275, 1276, 1277, 1280, 1281, 1282, 1285, 1288, 1291, 1294, 1296, 1299, 1301, 1302, 1304, 1307, 1309, 1312, 1314, 1317, 1321, 1322, 1323, 1324, 1325, 1328, 1329, 1333, 1334, 1335, 1336, 1337, 1338, 1339, 1340, 1342, 1344], "excluded_lines": [], "start_line": 1229}, "start_process": {"executed_lines": [], "summary": {"covered_lines": 0, "num_statements": 1, "percent_covered": 0.0, "percent_covered_display": "0.0", "missing_lines": 1, "excluded_lines": 0, "percent_statements_covered": 0.0, "percent_statements_covered_display": "0.0"}, "missing_lines": [1349], "excluded_lines": [], "start_line": 1347}, "final_method": {"executed_lines": [], "summary": {"covered_lines": 0, "num_statements": 4, "percent_covered": 0.0, "percent_covered_display": "0.0", "missing_lines": 4, "excluded_lines": 0, "percent_statements_covered": 0.0, "percent_statements_covered_display": "0.0"}, "missing_lines": [1354, 1355, 1356, 1357], "excluded_lines": [], "start_line": 1352}, "update_stale_profile": {"executed_lines": [], "summary": {"covered_lines": 0, "num_statements": 4, "percent_covered": 0.0, "percent_covered_display": "0.0", "missing_lines": 4, "excluded_lines": 0, "percent_statements_covered": 0.0, "percent_statements_covered_display": "0.0"}, "missing_lines": [1363, 1364, 1365, 1366], "excluded_lines": [], "start_line": 1362}, "get_current_profile": {"executed_lines": [], "summary": {"covered_lines": 0, "num_statements": 11, "percent_covered": 0.0, "percent_covered_display": "0.0", "missing_lines": 11, "excluded_lines": 0, "percent_statements_covered": 0.0, "percent_statements_covered_display": "0.0"}, "missing_lines": [1373, 1375, 1377, 1379, 1381, 1382, 1384, 1385, 1386, 1387, 1389], "excluded_lines": [], "start_line": 1369}, "post_to_linkedin": {"executed_lines": [], "summary": {"covered_lines": 0, "num_statements": 21, "percent_covered": 0.0, "percent_covered_display": "0.0", "missing_lines": 21, "excluded_lines": 0, "percent_statements_covered": 0.0, "percent_statements_covered_display": "0.0"}, "missing_lines": [1421, 1422, 1427, 1428, 1431, 1432, 1435, 1438, 1439, 1441, 1443, 1444, 1445, 1448, 1451, 1456, 1462, 1464, 1467, 1469, 1472], "excluded_lines": [], "start_line": 1417}, "automate_invites_to_company_page_for_user": {"executed_lines": [], "summary": {"covered_lines": 0, "num_statements": 10, "percent_covered": 0.0, "percent_covered_display": "0.0", "missing_lines": 10, "excluded_lines": 0, "percent_statements_covered": 0.0, "percent_statements_covered_display": "0.0"}, "missing_lines": [1480, 1482, 1484, 1486, 1487, 1488, 1490, 1492, 1493, 1494], "excluded_lines": [], "start_line": 1477}, "": {"executed_lines": [], "summary": {"covered_lines": 0, "num_statements": 71, "percent_covered": 0.0, "percent_covered_display": "0.0", "missing_lines": 71, "excluded_lines": 2, "percent_statements_covered": 0.0, "percent_statements_covered_display": "0.0"}, "missing_lines": [1, 2, 3, 4, 5, 6, 7, 8, 10, 11, 12, 13, 14, 17, 18, 19, 20, 21, 22, 25, 26, 27, 28, 29, 30, 31, 32, 35, 38, 39, 42, 59, 64, 68, 98, 137, 145, 150, 157, 162, 169, 233, 235, 368, 395, 396, 483, 485, 684, 724, 727, 793, 865, 866, 1014, 1016, 1141, 1143, 1158, 1160, 1227, 1229, 1347, 1352, 1360, 1362, 1369, 1415, 1417, 1475, 1477], "excluded_lines": [1392, 1412], "start_line": 1}}, "classes": {"": {"executed_lines": [], "summary": {"covered_lines": 0, "num_statements": 686, "percent_covered": 0.0, "percent_covered_display": "0.0", "missing_lines": 686, "excluded_lines": 2, "percent_statements_covered": 0.0, "percent_statements_covered_display": "0.0"}, "missing_lines": [1, 2, 3, 4, 5, 6, 7, 8, 10, 11, 12, 13, 14, 17, 18, 19, 20, 21, 22, 25, 26, 27, 28, 29, 30, 31, 32, 35, 38, 39, 42, 45, 46, 47, 48, 49, 50, 51, 52, 53, 54, 55, 56, 59, 61, 64, 65, 68, 70, 72, 73, 75, 77, 81, 84, 87, 88, 90, 92, 93, 98, 99, 102, 103, 105, 106, 108, 110, 113, 116, 118, 120, 122, 125, 127, 129, 134, 137, 139, 140, 142, 145, 147, 150, 152, 153, 154, 157, 159, 162, 164, 166, 169, 171, 172, 175, 178, 180, 181, 182, 184, 186, 189, 195, 197, 198, 200, 201, 203, 205, 207, 208, 209, 211, 212, 214, 215, 216, 218, 220, 222, 224, 226, 228, 230, 233, 235, 239, 240, 241, 243, 245, 247, 249, 252, 254, 256, 259, 264, 267, 270, 273, 275, 277, 279, 283, 284, 287, 290, 293, 295, 297, 298, 300, 303, 307, 312, 314, 315, 318, 319, 321, 324, 325, 329, 330, 333, 336, 337, 338, 341, 343, 344, 345, 346, 347, 348, 349, 350, 351, 352, 354, 355, 356, 357, 358, 359, 360, 361, 363, 365, 368, 370, 372, 373, 375, 378, 379, 382, 385, 389, 390, 392, 395, 396, 399, 401, 403, 405, 407, 409, 412, 414, 415, 417, 419, 421, 422, 423, 424, 425, 428, 430, 431, 434, 435, 438, 440, 441, 444, 447, 449, 452, 453, 454, 455, 456, 457, 458, 461, 462, 465, 467, 469, 470, 472, 474, 475, 476, 478, 480, 483, 485, 488, 490, 492, 494, 496, 499, 502, 504, 506, 507, 510, 511, 517, 518, 519, 521, 523, 526, 531, 532, 533, 536, 537, 540, 541, 544, 547, 549, 553, 559, 560, 562, 563, 564, 565, 567, 570, 571, 573, 576, 583, 586, 589, 593, 597, 604, 607, 612, 618, 621, 624, 625, 627, 630, 633, 634, 637, 638, 641, 642, 645, 648, 649, 651, 653, 654, 655, 656, 657, 660, 661, 664, 665, 667, 670, 671, 674, 675, 676, 677, 679, 681, 684, 687, 689, 691, 694, 696, 699, 704, 707, 710, 711, 712, 714, 715, 716, 718, 721, 724, 727, 728, 730, 732, 733, 735, 737, 739, 742, 744, 745, 746, 762, 763, 764, 765, 766, 767, 768, 771, 772, 775, 777, 779, 780, 782, 784, 785, 786, 788, 790, 793, 794, 796, 799, 802, 803, 804, 806, 808, 810, 814, 815, 816, 818, 821, 824, 825, 833, 834, 835, 838, 839, 840, 843, 845, 855, 858, 860, 862, 865, 866, 869, 871, 873, 875, 878, 880, 882, 884, 886, 892, 895, 898, 901, 902, 905, 906, 908, 909, 910, 914, 918, 920, 922, 925, 926, 929, 932, 933, 935, 937, 939, 940, 942, 944, 945, 948, 952, 954, 957, 959, 961, 962, 965, 966, 969, 972, 975, 978, 980, 983, 984, 985, 986, 987, 988, 989, 992, 993, 996, 998, 1000, 1001, 1004, 1005, 1006, 1007, 1009, 1011, 1014, 1016, 1017, 1019, 1020, 1023, 1024, 1025, 1028, 1031, 1033, 1035, 1037, 1039, 1040, 1041, 1045, 1046, 1048, 1050, 1053, 1056, 1060, 1063, 1064, 1067, 1068, 1069, 1071, 1072, 1078, 1081, 1084, 1087, 1090, 1093, 1096, 1099, 1100, 1101, 1103, 1108, 1109, 1111, 1112, 1113, 1116, 1119, 1120, 1121, 1123, 1124, 1126, 1127, 1128, 1131, 1136, 1138, 1141, 1143, 1155, 1158, 1160, 1163, 1165, 1167, 1170, 1172, 1174, 1176, 1178, 1181, 1185, 1189, 1191, 1195, 1199, 1202, 1205, 1208, 1210, 1212, 1213, 1217, 1221, 1223, 1224, 1227, 1229, 1232, 1234, 1236, 1238, 1240, 1242, 1244, 1246, 1249, 1250, 1253, 1256, 1258, 1260, 1266, 1269, 1274, 1275, 1276, 1277, 1280, 1281, 1282, 1285, 1288, 1291, 1294, 1296, 1299, 1301, 1302, 1304, 1307, 1309, 1312, 1314, 1317, 1321, 1322, 1323, 1324, 1325, 1328, 1329, 1333, 1334, 1335, 1336, 1337, 1338, 1339, 1340, 1342, 1344, 1347, 1349, 1352, 1354, 1355, 1356, 1357, 1360, 1362, 1363, 1364, 1365, 1366, 1369, 1373, 1375, 1377, 1379, 1381, 1382, 1384, 1385, 1386, 1387, 1389, 1415, 1417, 1421, 1422, 1427, 1428, 1431, 1432, 1435, 1438, 1439, 1441, 1443, 1444, 1445, 1448, 1451, 1456, 1462, 1464, 1467, 1469, 1472, 1475, 1477, 1480, 1482, 1484, 1486, 1487, 1488, 1490, 1492, 1493, 1494], "excluded_lines": [1392, 1412], "start_line": 1}}}, "src/cqc_lem/app/run_content_plan.py": {"executed_lines": [], "summary": {"covered_lines": 0, "num_statements": 373, "percent_covered": 0.0, "percent_covered_display": "0.0", "missing_lines": 373, "excluded_lines": 6, "percent_statements_covered": 0.0, "percent_statements_covered_display": "0.0"}, "missing_lines": [1, 2, 3, 4, 5, 6, 7, 8, 10, 11, 12, 13, 14, 17, 19, 23, 24, 25, 26, 27, 28, 29, 30, 33, 34, 36, 38, 39, 42, 43, 52, 55, 56, 65, 66, 67, 70, 75, 76, 79, 80, 81, 83, 84, 89, 91, 94, 98, 103, 104, 105, 110, 111, 112, 115, 116, 118, 121, 122, 123, 131, 132, 135, 138, 139, 140, 143, 146, 148, 151, 157, 160, 163, 165, 172, 176, 179, 183, 184, 188, 189, 192, 195, 197, 198, 199, 200, 202, 204, 206, 209, 215, 218, 219, 222, 223, 226, 227, 230, 233, 234, 238, 241, 254, 257, 260, 262, 264, 265, 266, 267, 268, 269, 270, 272, 274, 277, 278, 279, 280, 282, 283, 284, 285, 286, 288, 290, 291, 292, 293, 295, 296, 297, 298, 299, 301, 303, 304, 305, 307, 309, 310, 311, 312, 313, 314, 315, 317, 319, 320, 323, 325, 328, 339, 341, 343, 345, 347, 350, 352, 354, 355, 358, 359, 361, 362, 363, 365, 366, 367, 368, 369, 370, 371, 372, 374, 377, 378, 380, 381, 383, 384, 387, 388, 390, 392, 395, 397, 399, 400, 403, 413, 414, 415, 418, 422, 423, 424, 425, 428, 429, 432, 433, 437, 438, 440, 441, 443, 445, 448, 459, 460, 461, 462, 465, 466, 469, 470, 471, 473, 476, 483, 484, 487, 488, 491, 492, 493, 494, 495, 496, 497, 498, 499, 501, 502, 503, 505, 506, 508, 509, 511, 512, 515, 517, 525, 533, 534, 535, 536, 538, 542, 543, 545, 547, 549, 552, 554, 556, 557, 558, 559, 560, 561, 562, 563, 566, 569, 579, 580, 582, 585, 586, 589, 590, 593, 594, 595, 596, 597, 598, 599, 601, 602, 605, 606, 609, 610, 611, 612, 613, 614, 615, 616, 617, 619, 620, 621, 622, 624, 627, 631, 633, 634, 635, 637, 638, 639, 641, 644, 648, 649, 652, 655, 659, 660, 661, 662, 664, 665, 666, 667, 670, 673, 675, 676, 679, 680, 683, 684, 687, 688, 690, 692, 693, 694, 695, 696, 699, 702, 704, 705, 706, 707, 709, 712, 713, 716, 719, 720, 723, 725, 728, 729, 730, 733, 734, 735, 738, 739, 740, 742, 746, 747, 748, 749, 750, 753, 754, 755, 756, 757, 758], "excluded_lines": [761, 762, 763, 764, 765, 766], "functions": {"auto_generate_content": {"executed_lines": [], "summary": {"covered_lines": 0, "num_statements": 3, "percent_covered": 0.0, "percent_covered_display": "0.0", "missing_lines": 3, "excluded_lines": 0, "percent_statements_covered": 0.0, "percent_statements_covered_display": "0.0"}, "missing_lines": [36, 38, 39], "excluded_lines": [], "start_line": 34}, "plan_content_for_user": {"executed_lines": [], "summary": {"covered_lines": 0, "num_statements": 47, "percent_covered": 0.0, "percent_covered_display": "0.0", "missing_lines": 47, "excluded_lines": 0, "percent_statements_covered": 0.0, "percent_statements_covered_display": "0.0"}, "missing_lines": [52, 55, 56, 65, 66, 67, 70, 75, 76, 79, 80, 81, 83, 84, 89, 91, 94, 98, 103, 104, 105, 110, 111, 112, 115, 116, 118, 121, 122, 123, 131, 132, 135, 138, 139, 140, 143, 146, 148, 151, 157, 160, 163, 165, 172, 176, 179], "excluded_lines": [], "start_line": 43}, "get_max_key": {"executed_lines": [], "summary": {"covered_lines": 0, "num_statements": 1, "percent_covered": 0.0, "percent_covered_display": "0.0", "missing_lines": 1, "excluded_lines": 0, "percent_statements_covered": 0.0, "percent_statements_covered_display": "0.0"}, "missing_lines": [184], "excluded_lines": [], "start_line": 183}, "get_min_key": {"executed_lines": [], "summary": {"covered_lines": 0, "num_statements": 1, "percent_covered": 0.0, "percent_covered_display": "0.0", "missing_lines": 1, "excluded_lines": 0, "percent_statements_covered": 0.0, "percent_statements_covered_display": "0.0"}, "missing_lines": [189], "excluded_lines": [], "start_line": 188}, "create_content": {"executed_lines": [], "summary": {"covered_lines": 0, "num_statements": 8, "percent_covered": 0.0, "percent_covered_display": "0.0", "missing_lines": 8, "excluded_lines": 0, "percent_statements_covered": 0.0, "percent_statements_covered_display": "0.0"}, "missing_lines": [195, 197, 198, 199, 200, 202, 204, 206], "excluded_lines": [], "start_line": 192}, "create_video_content": {"executed_lines": [], "summary": {"covered_lines": 0, "num_statements": 11, "percent_covered": 0.0, "percent_covered_display": "0.0", "missing_lines": 11, "excluded_lines": 0, "percent_statements_covered": 0.0, "percent_statements_covered_display": "0.0"}, "missing_lines": [215, 218, 219, 222, 223, 226, 227, 230, 233, 234, 238], "excluded_lines": [], "start_line": 209}, "create_text_post": {"executed_lines": [], "summary": {"covered_lines": 0, "num_statements": 49, "percent_covered": 0.0, "percent_covered_display": "0.0", "missing_lines": 49, "excluded_lines": 0, "percent_statements_covered": 0.0, "percent_statements_covered_display": "0.0"}, "missing_lines": [254, 257, 260, 262, 264, 265, 266, 267, 268, 269, 270, 272, 274, 277, 278, 279, 280, 282, 283, 284, 285, 286, 288, 290, 291, 292, 293, 295, 296, 297, 298, 299, 301, 303, 304, 305, 307, 309, 310, 311, 312, 313, 314, 315, 317, 319, 320, 323, 325], "excluded_lines": [], "start_line": 241}, "get_main_blog_url_content": {"executed_lines": [], "summary": {"covered_lines": 0, "num_statements": 37, "percent_covered": 0.0, "percent_covered_display": "0.0", "missing_lines": 37, "excluded_lines": 0, "percent_statements_covered": 0.0, "percent_statements_covered_display": "0.0"}, "missing_lines": [339, 341, 343, 345, 347, 350, 352, 354, 355, 358, 359, 361, 362, 363, 365, 366, 367, 368, 369, 370, 371, 372, 374, 377, 378, 380, 381, 383, 384, 387, 388, 390, 392, 395, 397, 399, 400], "excluded_lines": [], "start_line": 328}, "scrape_recent_posts": {"executed_lines": [], "summary": {"covered_lines": 0, "num_statements": 18, "percent_covered": 0.0, "percent_covered_display": "0.0", "missing_lines": 18, "excluded_lines": 0, "percent_statements_covered": 0.0, "percent_statements_covered_display": "0.0"}, "missing_lines": [413, 414, 415, 418, 422, 423, 424, 425, 428, 429, 432, 433, 437, 438, 440, 441, 443, 445], "excluded_lines": [], "start_line": 403}, "process_selected_post": {"executed_lines": [], "summary": {"covered_lines": 0, "num_statements": 10, "percent_covered": 0.0, "percent_covered_display": "0.0", "missing_lines": 10, "excluded_lines": 0, "percent_statements_covered": 0.0, "percent_statements_covered_display": "0.0"}, "missing_lines": [459, 460, 461, 462, 465, 466, 469, 470, 471, 473], "excluded_lines": [], "start_line": 448}, "generate_website_content_post": {"executed_lines": [], "summary": {"covered_lines": 0, "num_statements": 22, "percent_covered": 0.0, "percent_covered_display": "0.0", "missing_lines": 22, "excluded_lines": 0, "percent_statements_covered": 0.0, "percent_statements_covered_display": "0.0"}, "missing_lines": [483, 484, 487, 488, 491, 492, 493, 494, 495, 496, 497, 498, 499, 501, 502, 503, 505, 506, 508, 509, 511, 512], "excluded_lines": [], "start_line": 476}, "get_session_for_response": {"executed_lines": [], "summary": {"covered_lines": 0, "num_statements": 7, "percent_covered": 0.0, "percent_covered_display": "0.0", "missing_lines": 7, "excluded_lines": 0, "percent_statements_covered": 0.0, "percent_statements_covered_display": "0.0"}, "missing_lines": [517, 525, 533, 534, 535, 536, 538], "excluded_lines": [], "start_line": 515}, "fetch_content": {"executed_lines": [], "summary": {"covered_lines": 0, "num_statements": 15, "percent_covered": 0.0, "percent_covered_display": "0.0", "missing_lines": 15, "excluded_lines": 0, "percent_statements_covered": 0.0, "percent_statements_covered_display": "0.0"}, "missing_lines": [543, 545, 547, 549, 552, 554, 556, 557, 558, 559, 560, 561, 562, 563, 566], "excluded_lines": [], "start_line": 542}, "fetch_sitemap_urls": {"executed_lines": [], "summary": {"covered_lines": 0, "num_statements": 32, "percent_covered": 0.0, "percent_covered_display": "0.0", "missing_lines": 32, "excluded_lines": 0, "percent_statements_covered": 0.0, "percent_statements_covered_display": "0.0"}, "missing_lines": [579, 580, 582, 585, 586, 589, 590, 593, 594, 595, 596, 597, 598, 599, 601, 602, 605, 606, 609, 610, 611, 612, 613, 614, 615, 616, 617, 619, 620, 621, 622, 624], "excluded_lines": [], "start_line": 569}, "filter_relevant_urls": {"executed_lines": [], "summary": {"covered_lines": 0, "num_statements": 8, "percent_covered": 0.0, "percent_covered_display": "0.0", "missing_lines": 8, "excluded_lines": 0, "percent_statements_covered": 0.0, "percent_statements_covered_display": "0.0"}, "missing_lines": [631, 633, 634, 635, 637, 638, 639, 641], "excluded_lines": [], "start_line": 627}, "extract_page_content": {"executed_lines": [], "summary": {"covered_lines": 0, "num_statements": 12, "percent_covered": 0.0, "percent_covered_display": "0.0", "missing_lines": 12, "excluded_lines": 0, "percent_statements_covered": 0.0, "percent_statements_covered_display": "0.0"}, "missing_lines": [648, 649, 652, 655, 659, 660, 661, 662, 664, 665, 666, 667], "excluded_lines": [], "start_line": 644}, "save_content_plan": {"executed_lines": [], "summary": {"covered_lines": 0, "num_statements": 3, "percent_covered": 0.0, "percent_covered_display": "0.0", "missing_lines": 3, "excluded_lines": 0, "percent_statements_covered": 0.0, "percent_statements_covered_display": "0.0"}, "missing_lines": [673, 675, 676], "excluded_lines": [], "start_line": 670}, "auto_create_weekly_content": {"executed_lines": [], "summary": {"covered_lines": 0, "num_statements": 24, "percent_covered": 0.0, "percent_covered_display": "0.0", "missing_lines": 24, "excluded_lines": 0, "percent_statements_covered": 0.0, "percent_statements_covered_display": "0.0"}, "missing_lines": [683, 684, 687, 688, 690, 692, 693, 694, 695, 696, 699, 702, 704, 705, 706, 707, 709, 712, 713, 716, 719, 720, 723, 725], "excluded_lines": [], "start_line": 680}, "is_blog_post": {"executed_lines": [], "summary": {"covered_lines": 0, "num_statements": 5, "percent_covered": 0.0, "percent_covered_display": "0.0", "missing_lines": 5, "excluded_lines": 0, "percent_statements_covered": 0.0, "percent_statements_covered_display": "0.0"}, "missing_lines": [729, 730, 733, 734, 735], "excluded_lines": [], "start_line": 728}, "is_blog_post_by_metadata": {"executed_lines": [], "summary": {"covered_lines": 0, "num_statements": 8, "percent_covered": 0.0, "percent_covered_display": "0.0", "missing_lines": 8, "excluded_lines": 0, "percent_statements_covered": 0.0, "percent_statements_covered_display": "0.0"}, "missing_lines": [739, 740, 742, 746, 747, 748, 749, 750], "excluded_lines": [], "start_line": 738}, "is_blog_post_combined": {"executed_lines": [], "summary": {"covered_lines": 0, "num_statements": 5, "percent_covered": 0.0, "percent_covered_display": "0.0", "missing_lines": 5, "excluded_lines": 0, "percent_statements_covered": 0.0, "percent_statements_covered_display": "0.0"}, "missing_lines": [754, 755, 756, 757, 758], "excluded_lines": [], "start_line": 753}, "": {"executed_lines": [], "summary": {"covered_lines": 0, "num_statements": 47, "percent_covered": 0.0, "percent_covered_display": "0.0", "missing_lines": 47, "excluded_lines": 6, "percent_statements_covered": 0.0, "percent_statements_covered_display": "0.0"}, "missing_lines": [1, 2, 3, 4, 5, 6, 7, 8, 10, 11, 12, 13, 14, 17, 19, 23, 24, 25, 26, 27, 28, 29, 30, 33, 34, 42, 43, 183, 188, 192, 209, 241, 328, 403, 448, 476, 515, 542, 569, 627, 644, 670, 679, 680, 728, 738, 753], "excluded_lines": [761, 762, 763, 764, 765, 766], "start_line": 1}}, "classes": {"": {"executed_lines": [], "summary": {"covered_lines": 0, "num_statements": 373, "percent_covered": 0.0, "percent_covered_display": "0.0", "missing_lines": 373, "excluded_lines": 6, "percent_statements_covered": 0.0, "percent_statements_covered_display": "0.0"}, "missing_lines": [1, 2, 3, 4, 5, 6, 7, 8, 10, 11, 12, 13, 14, 17, 19, 23, 24, 25, 26, 27, 28, 29, 30, 33, 34, 36, 38, 39, 42, 43, 52, 55, 56, 65, 66, 67, 70, 75, 76, 79, 80, 81, 83, 84, 89, 91, 94, 98, 103, 104, 105, 110, 111, 112, 115, 116, 118, 121, 122, 123, 131, 132, 135, 138, 139, 140, 143, 146, 148, 151, 157, 160, 163, 165, 172, 176, 179, 183, 184, 188, 189, 192, 195, 197, 198, 199, 200, 202, 204, 206, 209, 215, 218, 219, 222, 223, 226, 227, 230, 233, 234, 238, 241, 254, 257, 260, 262, 264, 265, 266, 267, 268, 269, 270, 272, 274, 277, 278, 279, 280, 282, 283, 284, 285, 286, 288, 290, 291, 292, 293, 295, 296, 297, 298, 299, 301, 303, 304, 305, 307, 309, 310, 311, 312, 313, 314, 315, 317, 319, 320, 323, 325, 328, 339, 341, 343, 345, 347, 350, 352, 354, 355, 358, 359, 361, 362, 363, 365, 366, 367, 368, 369, 370, 371, 372, 374, 377, 378, 380, 381, 383, 384, 387, 388, 390, 392, 395, 397, 399, 400, 403, 413, 414, 415, 418, 422, 423, 424, 425, 428, 429, 432, 433, 437, 438, 440, 441, 443, 445, 448, 459, 460, 461, 462, 465, 466, 469, 470, 471, 473, 476, 483, 484, 487, 488, 491, 492, 493, 494, 495, 496, 497, 498, 499, 501, 502, 503, 505, 506, 508, 509, 511, 512, 515, 517, 525, 533, 534, 535, 536, 538, 542, 543, 545, 547, 549, 552, 554, 556, 557, 558, 559, 560, 561, 562, 563, 566, 569, 579, 580, 582, 585, 586, 589, 590, 593, 594, 595, 596, 597, 598, 599, 601, 602, 605, 606, 609, 610, 611, 612, 613, 614, 615, 616, 617, 619, 620, 621, 622, 624, 627, 631, 633, 634, 635, 637, 638, 639, 641, 644, 648, 649, 652, 655, 659, 660, 661, 662, 664, 665, 666, 667, 670, 673, 675, 676, 679, 680, 683, 684, 687, 688, 690, 692, 693, 694, 695, 696, 699, 702, 704, 705, 706, 707, 709, 712, 713, 716, 719, 720, 723, 725, 728, 729, 730, 733, 734, 735, 738, 739, 740, 742, 746, 747, 748, 749, 750, 753, 754, 755, 756, 757, 758], "excluded_lines": [761, 762, 763, 764, 765, 766], "start_line": 1}}}, "src/cqc_lem/app/run_scheduler.py": {"executed_lines": [], "summary": {"covered_lines": 0, "num_statements": 114, "percent_covered": 0.0, "percent_covered_display": "0.0", "missing_lines": 114, "excluded_lines": 2, "percent_statements_covered": 0.0, "percent_statements_covered_display": "0.0"}, "missing_lines": [1, 2, 3, 5, 7, 8, 9, 12, 13, 14, 15, 18, 19, 21, 22, 25, 26, 30, 32, 33, 35, 37, 40, 41, 44, 45, 49, 52, 55, 56, 58, 59, 61, 64, 65, 67, 69, 71, 77, 83, 84, 86, 89, 90, 94, 96, 98, 99, 105, 106, 108, 111, 112, 116, 118, 119, 123, 131, 132, 134, 137, 138, 142, 144, 145, 148, 156, 157, 159, 163, 164, 167, 168, 169, 170, 171, 173, 174, 175, 176, 177, 178, 181, 183, 186, 187, 190, 193, 196, 198, 199, 201, 202, 204, 205, 206, 207, 208, 211, 212, 215, 218, 219, 220, 222, 223, 224, 225, 226, 228, 229, 230, 231, 233], "excluded_lines": [236, 237], "functions": {"test_error_tracing": {"executed_lines": [], "summary": {"covered_lines": 0, "num_statements": 2, "percent_covered": 0.0, "percent_covered_display": "0.0", "missing_lines": 2, "excluded_lines": 0, "percent_statements_covered": 0.0, "percent_statements_covered_display": "0.0"}, "missing_lines": [21, 22], "excluded_lines": [], "start_line": 19}, "auto_check_scheduled_posts": {"executed_lines": [], "summary": {"covered_lines": 0, "num_statements": 16, "percent_covered": 0.0, "percent_covered_display": "0.0", "missing_lines": 16, "excluded_lines": 0, "percent_statements_covered": 0.0, "percent_statements_covered_display": "0.0"}, "missing_lines": [30, 32, 33, 35, 37, 40, 41, 44, 45, 49, 52, 55, 56, 58, 59, 61], "excluded_lines": [], "start_line": 26}, "auto_appreciate_dms": {"executed_lines": [], "summary": {"covered_lines": 0, "num_statements": 7, "percent_covered": 0.0, "percent_covered_display": "0.0", "missing_lines": 7, "excluded_lines": 0, "percent_statements_covered": 0.0, "percent_statements_covered_display": "0.0"}, "missing_lines": [67, 69, 71, 77, 83, 84, 86], "excluded_lines": [], "start_line": 65}, "auto_clean_stale_invites": {"executed_lines": [], "summary": {"covered_lines": 0, "num_statements": 7, "percent_covered": 0.0, "percent_covered_display": "0.0", "missing_lines": 7, "excluded_lines": 0, "percent_statements_covered": 0.0, "percent_statements_covered_display": "0.0"}, "missing_lines": [94, 96, 98, 99, 105, 106, 108], "excluded_lines": [], "start_line": 90}, "auto_clean_stale_profiles": {"executed_lines": [], "summary": {"covered_lines": 0, "num_statements": 7, "percent_covered": 0.0, "percent_covered_display": "0.0", "missing_lines": 7, "excluded_lines": 0, "percent_statements_covered": 0.0, "percent_statements_covered_display": "0.0"}, "missing_lines": [116, 118, 119, 123, 131, 132, 134], "excluded_lines": [], "start_line": 112}, "auto_invite_to_company_pages": {"executed_lines": [], "summary": {"covered_lines": 0, "num_statements": 7, "percent_covered": 0.0, "percent_covered_display": "0.0", "missing_lines": 7, "excluded_lines": 0, "percent_statements_covered": 0.0, "percent_statements_covered_display": "0.0"}, "missing_lines": [142, 144, 145, 148, 156, 157, 159], "excluded_lines": [], "start_line": 138}, "auto_clean_old_videos": {"executed_lines": [], "summary": {"covered_lines": 0, "num_statements": 13, "percent_covered": 0.0, "percent_covered_display": "0.0", "missing_lines": 13, "excluded_lines": 0, "percent_statements_covered": 0.0, "percent_statements_covered_display": "0.0"}, "missing_lines": [167, 168, 169, 170, 171, 173, 174, 175, 176, 177, 178, 181, 183], "excluded_lines": [], "start_line": 164}, "organize_videos_by_name_and_timestamp": {"executed_lines": [], "summary": {"covered_lines": 0, "num_statements": 29, "percent_covered": 0.0, "percent_covered_display": "0.0", "missing_lines": 29, "excluded_lines": 0, "percent_statements_covered": 0.0, "percent_statements_covered_display": "0.0"}, "missing_lines": [187, 190, 193, 196, 198, 199, 201, 202, 204, 205, 206, 207, 208, 211, 212, 215, 218, 219, 220, 222, 223, 224, 225, 226, 228, 229, 230, 231, 233], "excluded_lines": [], "start_line": 186}, "": {"executed_lines": [], "summary": {"covered_lines": 0, "num_statements": 26, "percent_covered": 0.0, "percent_covered_display": "0.0", "missing_lines": 26, "excluded_lines": 2, "percent_statements_covered": 0.0, "percent_statements_covered_display": "0.0"}, "missing_lines": [1, 2, 3, 5, 7, 8, 9, 12, 13, 14, 15, 18, 19, 25, 26, 64, 65, 89, 90, 111, 112, 137, 138, 163, 164, 186], "excluded_lines": [236, 237], "start_line": 1}}, "classes": {"": {"executed_lines": [], "summary": {"covered_lines": 0, "num_statements": 114, "percent_covered": 0.0, "percent_covered_display": "0.0", "missing_lines": 114, "excluded_lines": 2, "percent_statements_covered": 0.0, "percent_statements_covered_display": "0.0"}, "missing_lines": [1, 2, 3, 5, 7, 8, 9, 12, 13, 14, 15, 18, 19, 21, 22, 25, 26, 30, 32, 33, 35, 37, 40, 41, 44, 45, 49, 52, 55, 56, 58, 59, 61, 64, 65, 67, 69, 71, 77, 83, 84, 86, 89, 90, 94, 96, 98, 99, 105, 106, 108, 111, 112, 116, 118, 119, 123, 131, 132, 134, 137, 138, 142, 144, 145, 148, 156, 157, 159, 163, 164, 167, 168, 169, 170, 171, 173, 174, 175, 176, 177, 178, 181, 183, 186, 187, 190, 193, 196, 198, 199, 201, 202, 204, 205, 206, 207, 208, 211, 212, 215, 218, 219, 220, 222, 223, 224, 225, 226, 228, 229, 230, 231, 233], "excluded_lines": [236, 237], "start_line": 1}}}, "src/cqc_lem/streamlit/Home.py": {"executed_lines": [], "summary": {"covered_lines": 0, "num_statements": 67, "percent_covered": 0.0, "percent_covered_display": "0.0", "missing_lines": 67, "excluded_lines": 2, "percent_statements_covered": 0.0, "percent_statements_covered_display": "0.0"}, "missing_lines": [2, 4, 6, 12, 14, 29, 31, 33, 35, 36, 44, 45, 53, 54, 62, 64, 65, 67, 69, 70, 89, 90, 109, 110, 130, 131, 150, 152, 154, 155, 156, 165, 166, 167, 168, 170, 172, 174, 176, 177, 179, 180, 182, 183, 185, 187, 189, 190, 196, 197, 203, 204, 209, 210, 216, 217, 224, 227, 266, 269, 270, 271, 272, 273, 274, 277, 278], "excluded_lines": [286, 287], "functions": {"render_hero_section": {"executed_lines": [], "summary": {"covered_lines": 0, "num_statements": 1, "percent_covered": 0.0, "percent_covered_display": "0.0", "missing_lines": 1, "excluded_lines": 0, "percent_statements_covered": 0.0, "percent_statements_covered_display": "0.0"}, "missing_lines": [14], "excluded_lines": [], "start_line": 12}, "render_features_section": {"executed_lines": [], "summary": {"covered_lines": 0, "num_statements": 8, "percent_covered": 0.0, "percent_covered_display": "0.0", "missing_lines": 8, "excluded_lines": 0, "percent_statements_covered": 0.0, "percent_statements_covered_display": "0.0"}, "missing_lines": [31, 33, 35, 36, 44, 45, 53, 54], "excluded_lines": [], "start_line": 29}, "render_pricing_section": {"executed_lines": [], "summary": {"covered_lines": 0, "num_statements": 11, "percent_covered": 0.0, "percent_covered_display": "0.0", "missing_lines": 11, "excluded_lines": 0, "percent_statements_covered": 0.0, "percent_statements_covered_display": "0.0"}, "missing_lines": [64, 65, 67, 69, 70, 89, 90, 109, 110, 130, 131], "excluded_lines": [], "start_line": 62}, "render_cta_section": {"executed_lines": [], "summary": {"covered_lines": 0, "num_statements": 8, "percent_covered": 0.0, "percent_covered_display": "0.0", "missing_lines": 8, "excluded_lines": 0, "percent_statements_covered": 0.0, "percent_statements_covered_display": "0.0"}, "missing_lines": [152, 154, 155, 156, 165, 166, 167, 168], "excluded_lines": [], "start_line": 150}, "render_social_proof": {"executed_lines": [], "summary": {"covered_lines": 0, "num_statements": 8, "percent_covered": 0.0, "percent_covered_display": "0.0", "missing_lines": 8, "excluded_lines": 0, "percent_statements_covered": 0.0, "percent_statements_covered_display": "0.0"}, "missing_lines": [172, 174, 176, 177, 179, 180, 182, 183], "excluded_lines": [], "start_line": 170}, "render_faq_section": {"executed_lines": [], "summary": {"covered_lines": 0, "num_statements": 9, "percent_covered": 0.0, "percent_covered_display": "0.0", "missing_lines": 9, "excluded_lines": 0, "percent_statements_covered": 0.0, "percent_statements_covered_display": "0.0"}, "missing_lines": [187, 189, 190, 196, 197, 203, 204, 209, 210], "excluded_lines": [], "start_line": 185}, "main": {"executed_lines": [], "summary": {"covered_lines": 0, "num_statements": 12, "percent_covered": 0.0, "percent_covered_display": "0.0", "missing_lines": 12, "excluded_lines": 0, "percent_statements_covered": 0.0, "percent_statements_covered_display": "0.0"}, "missing_lines": [217, 224, 227, 266, 269, 270, 271, 272, 273, 274, 277, 278], "excluded_lines": [], "start_line": 216}, "": {"executed_lines": [], "summary": {"covered_lines": 0, "num_statements": 10, "percent_covered": 0.0, "percent_covered_display": "0.0", "missing_lines": 10, "excluded_lines": 2, "percent_statements_covered": 0.0, "percent_statements_covered_display": "0.0"}, "missing_lines": [2, 4, 6, 12, 29, 62, 150, 170, 185, 216], "excluded_lines": [286, 287], "start_line": 1}}, "classes": {"": {"executed_lines": [], "summary": {"covered_lines": 0, "num_statements": 67, "percent_covered": 0.0, "percent_covered_display": "0.0", "missing_lines": 67, "excluded_lines": 2, "percent_statements_covered": 0.0, "percent_statements_covered_display": "0.0"}, "missing_lines": [2, 4, 6, 12, 14, 29, 31, 33, 35, 36, 44, 45, 53, 54, 62, 64, 65, 67, 69, 70, 89, 90, 109, 110, 130, 131, 150, 152, 154, 155, 156, 165, 166, 167, 168, 170, 172, 174, 176, 177, 179, 180, 182, 183, 185, 187, 189, 190, 196, 197, 203, 204, 209, 210, 216, 217, 224, 227, 266, 269, 270, 271, 272, 273, 274, 277, 278], "excluded_lines": [286, 287], "start_line": 1}}}, "src/cqc_lem/streamlit/__init__.py": {"executed_lines": [], "summary": {"covered_lines": 0, "num_statements": 0, "percent_covered": 100.0, "percent_covered_display": "100.0", "missing_lines": 0, "excluded_lines": 0, "percent_statements_covered": 100.0, "percent_statements_covered_display": "100.0"}, "missing_lines": [], "excluded_lines": [], "functions": {"": {"executed_lines": [], "summary": {"covered_lines": 0, "num_statements": 0, "percent_covered": 100.0, "percent_covered_display": "100.0", "missing_lines": 0, "excluded_lines": 0, "percent_statements_covered": 100.0, "percent_statements_covered_display": "100.0"}, "missing_lines": [], "excluded_lines": [], "start_line": 1}}, "classes": {"": {"executed_lines": [], "summary": {"covered_lines": 0, "num_statements": 0, "percent_covered": 100.0, "percent_covered_display": "100.0", "missing_lines": 0, "excluded_lines": 0, "percent_statements_covered": 100.0, "percent_statements_covered_display": "100.0"}, "missing_lines": [], "excluded_lines": [], "start_line": 1}}}, "src/cqc_lem/streamlit/initi_pages.py": {"executed_lines": [], "summary": {"covered_lines": 0, "num_statements": 5, "percent_covered": 0.0, "percent_covered_display": "0.0", "missing_lines": 5, "excluded_lines": 0, "percent_statements_covered": 0.0, "percent_statements_covered_display": "0.0"}, "missing_lines": [3, 4, 8, 9, 10], "excluded_lines": [], "functions": {"init_session_state": {"executed_lines": [], "summary": {"covered_lines": 0, "num_statements": 2, "percent_covered": 0.0, "percent_covered_display": "0.0", "missing_lines": 2, "excluded_lines": 0, "percent_statements_covered": 0.0, "percent_statements_covered_display": "0.0"}, "missing_lines": [9, 10], "excluded_lines": [], "start_line": 8}, "": {"executed_lines": [], "summary": {"covered_lines": 0, "num_statements": 3, "percent_covered": 0.0, "percent_covered_display": "0.0", "missing_lines": 3, "excluded_lines": 0, "percent_statements_covered": 0.0, "percent_statements_covered_display": "0.0"}, "missing_lines": [3, 4, 8], "excluded_lines": [], "start_line": 1}}, "classes": {"": {"executed_lines": [], "summary": {"covered_lines": 0, "num_statements": 5, "percent_covered": 0.0, "percent_covered_display": "0.0", "missing_lines": 5, "excluded_lines": 0, "percent_statements_covered": 0.0, "percent_statements_covered_display": "0.0"}, "missing_lines": [3, 4, 8, 9, 10], "excluded_lines": [], "start_line": 1}}}, "src/cqc_lem/streamlit/pages/1_My_Account.py": {"executed_lines": [], "summary": {"covered_lines": 0, "num_statements": 38, "percent_covered": 0.0, "percent_covered_display": "0.0", "missing_lines": 38, "excluded_lines": 2, "percent_statements_covered": 0.0, "percent_statements_covered_display": "0.0"}, "missing_lines": [1, 3, 4, 6, 7, 11, 13, 22, 24, 27, 28, 30, 35, 38, 39, 40, 43, 44, 45, 48, 49, 50, 51, 52, 56, 59, 61, 62, 63, 65, 66, 68, 71, 73, 75, 77, 85, 110], "excluded_lines": [113, 114], "functions": {"load_user_data": {"executed_lines": [], "summary": {"covered_lines": 0, "num_statements": 1, "percent_covered": 0.0, "percent_covered_display": "0.0", "missing_lines": 1, "excluded_lines": 0, "percent_statements_covered": 0.0, "percent_statements_covered_display": "0.0"}, "missing_lines": [13], "excluded_lines": [], "start_line": 11}, "save_user_data": {"executed_lines": [], "summary": {"covered_lines": 0, "num_statements": 1, "percent_covered": 0.0, "percent_covered_display": "0.0", "missing_lines": 1, "excluded_lines": 0, "percent_statements_covered": 0.0, "percent_statements_covered_display": "0.0"}, "missing_lines": [24], "excluded_lines": [], "start_line": 22}, "main": {"executed_lines": [], "summary": {"covered_lines": 0, "num_statements": 28, "percent_covered": 0.0, "percent_covered_display": "0.0", "missing_lines": 28, "excluded_lines": 0, "percent_statements_covered": 0.0, "percent_statements_covered_display": "0.0"}, "missing_lines": [28, 30, 35, 38, 39, 40, 43, 44, 45, 48, 49, 50, 51, 52, 56, 59, 61, 62, 63, 65, 66, 68, 71, 73, 75, 77, 85, 110], "excluded_lines": [], "start_line": 27}, "": {"executed_lines": [], "summary": {"covered_lines": 0, "num_statements": 8, "percent_covered": 0.0, "percent_covered_display": "0.0", "missing_lines": 8, "excluded_lines": 2, "percent_statements_covered": 0.0, "percent_statements_covered_display": "0.0"}, "missing_lines": [1, 3, 4, 6, 7, 11, 22, 27], "excluded_lines": [113, 114], "start_line": 1}}, "classes": {"": {"executed_lines": [], "summary": {"covered_lines": 0, "num_statements": 38, "percent_covered": 0.0, "percent_covered_display": "0.0", "missing_lines": 38, "excluded_lines": 2, "percent_statements_covered": 0.0, "percent_statements_covered_display": "0.0"}, "missing_lines": [1, 3, 4, 6, 7, 11, 13, 22, 24, 27, 28, 30, 35, 38, 39, 40, 43, 44, 45, 48, 49, 50, 51, 52, 56, 59, 61, 62, 63, 65, 66, 68, 71, 73, 75, 77, 85, 110], "excluded_lines": [113, 114], "start_line": 1}}}, "src/cqc_lem/streamlit/pages/2_Schedule_Content.py": {"executed_lines": [], "summary": {"covered_lines": 0, "num_statements": 37, "percent_covered": 0.0, "percent_covered_display": "0.0", "missing_lines": 37, "excluded_lines": 0, "percent_statements_covered": 0.0, "percent_statements_covered_display": "0.0"}, "missing_lines": [1, 2, 4, 5, 6, 7, 8, 9, 10, 12, 15, 16, 19, 22, 25, 28, 31, 34, 37, 40, 43, 46, 49, 51, 53, 55, 56, 57, 58, 62, 63, 64, 66, 68, 69, 70, 72], "excluded_lines": [], "functions": {"": {"executed_lines": [], "summary": {"covered_lines": 0, "num_statements": 37, "percent_covered": 0.0, "percent_covered_display": "0.0", "missing_lines": 37, "excluded_lines": 0, "percent_statements_covered": 0.0, "percent_statements_covered_display": "0.0"}, "missing_lines": [1, 2, 4, 5, 6, 7, 8, 9, 10, 12, 15, 16, 19, 22, 25, 28, 31, 34, 37, 40, 43, 46, 49, 51, 53, 55, 56, 57, 58, 62, 63, 64, 66, 68, 69, 70, 72], "excluded_lines": [], "start_line": 1}}, "classes": {"": {"executed_lines": [], "summary": {"covered_lines": 0, "num_statements": 37, "percent_covered": 0.0, "percent_covered_display": "0.0", "missing_lines": 37, "excluded_lines": 0, "percent_statements_covered": 0.0, "percent_statements_covered_display": "0.0"}, "missing_lines": [1, 2, 4, 5, 6, 7, 8, 9, 10, 12, 15, 16, 19, 22, 25, 28, 31, 34, 37, 40, 43, 46, 49, 51, 53, 55, 56, 57, 58, 62, 63, 64, 66, 68, 69, 70, 72], "excluded_lines": [], "start_line": 1}}}, "src/cqc_lem/streamlit/pages/3_Review_Schedule.py": {"executed_lines": [], "summary": {"covered_lines": 0, "num_statements": 92, "percent_covered": 0.0, "percent_covered_display": "0.0", "missing_lines": 92, "excluded_lines": 0, "percent_statements_covered": 0.0, "percent_statements_covered_display": "0.0"}, "missing_lines": [1, 2, 3, 5, 6, 7, 8, 9, 10, 11, 12, 15, 18, 19, 21, 22, 25, 27, 29, 31, 33, 36, 38, 41, 42, 43, 44, 46, 49, 50, 53, 55, 57, 60, 61, 63, 64, 66, 67, 70, 72, 73, 74, 76, 78, 80, 82, 84, 87, 90, 95, 96, 98, 100, 102, 106, 109, 112, 116, 118, 119, 124, 137, 142, 143, 147, 149, 150, 153, 156, 158, 159, 162, 163, 165, 168, 172, 175, 178, 181, 184, 187, 192, 193, 194, 196, 200, 212, 216, 217, 218, 220], "excluded_lines": [], "functions": {"create_weekly_content": {"executed_lines": [], "summary": {"covered_lines": 0, "num_statements": 4, "percent_covered": 0.0, "percent_covered_display": "0.0", "missing_lines": 4, "excluded_lines": 0, "percent_statements_covered": 0.0, "percent_statements_covered_display": "0.0"}, "missing_lines": [42, 43, 44, 46], "excluded_lines": [], "start_line": 41}, "console_update": {"executed_lines": [], "summary": {"covered_lines": 0, "num_statements": 1, "percent_covered": 0.0, "percent_covered_display": "0.0", "missing_lines": 1, "excluded_lines": 0, "percent_statements_covered": 0.0, "percent_statements_covered_display": "0.0"}, "missing_lines": [50], "excluded_lines": [], "start_line": 49}, "": {"executed_lines": [], "summary": {"covered_lines": 0, "num_statements": 87, "percent_covered": 0.0, "percent_covered_display": "0.0", "missing_lines": 87, "excluded_lines": 0, "percent_statements_covered": 0.0, "percent_statements_covered_display": "0.0"}, "missing_lines": [1, 2, 3, 5, 6, 7, 8, 9, 10, 11, 12, 15, 18, 19, 21, 22, 25, 27, 29, 31, 33, 36, 38, 41, 49, 53, 55, 57, 60, 61, 63, 64, 66, 67, 70, 72, 73, 74, 76, 78, 80, 82, 84, 87, 90, 95, 96, 98, 100, 102, 106, 109, 112, 116, 118, 119, 124, 137, 142, 143, 147, 149, 150, 153, 156, 158, 159, 162, 163, 165, 168, 172, 175, 178, 181, 184, 187, 192, 193, 194, 196, 200, 212, 216, 217, 218, 220], "excluded_lines": [], "start_line": 1}}, "classes": {"": {"executed_lines": [], "summary": {"covered_lines": 0, "num_statements": 92, "percent_covered": 0.0, "percent_covered_display": "0.0", "missing_lines": 92, "excluded_lines": 0, "percent_statements_covered": 0.0, "percent_statements_covered_display": "0.0"}, "missing_lines": [1, 2, 3, 5, 6, 7, 8, 9, 10, 11, 12, 15, 18, 19, 21, 22, 25, 27, 29, 31, 33, 36, 38, 41, 42, 43, 44, 46, 49, 50, 53, 55, 57, 60, 61, 63, 64, 66, 67, 70, 72, 73, 74, 76, 78, 80, 82, 84, 87, 90, 95, 96, 98, 100, 102, 106, 109, 112, 116, 118, 119, 124, 137, 142, 143, 147, 149, 150, 153, 156, 158, 159, 162, 163, 165, 168, 172, 175, 178, 181, 184, 187, 192, 193, 194, 196, 200, 212, 216, 217, 218, 220], "excluded_lines": [], "start_line": 1}}}, "src/cqc_lem/streamlit/pages/__init__.py": {"executed_lines": [], "summary": {"covered_lines": 0, "num_statements": 0, "percent_covered": 100.0, "percent_covered_display": "100.0", "missing_lines": 0, "excluded_lines": 0, "percent_statements_covered": 100.0, "percent_statements_covered_display": "100.0"}, "missing_lines": [], "excluded_lines": [], "functions": {"": {"executed_lines": [], "summary": {"covered_lines": 0, "num_statements": 0, "percent_covered": 100.0, "percent_covered_display": "100.0", "missing_lines": 0, "excluded_lines": 0, "percent_statements_covered": 100.0, "percent_statements_covered_display": "100.0"}, "missing_lines": [], "excluded_lines": [], "start_line": 1}}, "classes": {"": {"executed_lines": [], "summary": {"covered_lines": 0, "num_statements": 0, "percent_covered": 100.0, "percent_covered_display": "100.0", "missing_lines": 0, "excluded_lines": 0, "percent_statements_covered": 100.0, "percent_statements_covered_display": "100.0"}, "missing_lines": [], "excluded_lines": [], "start_line": 1}}}, "src/cqc_lem/streamlit/utils.py": {"executed_lines": [], "summary": {"covered_lines": 0, "num_statements": 135, "percent_covered": 0.0, "percent_covered_display": "0.0", "missing_lines": 135, "excluded_lines": 0, "percent_statements_covered": 0.0, "percent_statements_covered_display": "0.0"}, "missing_lines": [2, 3, 4, 5, 6, 7, 9, 10, 12, 13, 15, 16, 19, 21, 61, 62, 64, 101, 104, 105, 106, 111, 115, 118, 119, 120, 121, 123, 125, 126, 130, 133, 135, 138, 140, 143, 146, 149, 153, 156, 160, 161, 168, 172, 180, 181, 182, 183, 185, 188, 189, 192, 196, 197, 199, 200, 202, 205, 206, 207, 208, 210, 211, 212, 214, 217, 219, 220, 221, 222, 224, 226, 228, 230, 231, 232, 234, 237, 238, 241, 242, 245, 248, 252, 253, 254, 255, 256, 257, 258, 259, 260, 262, 263, 264, 268, 269, 270, 273, 274, 275, 280, 281, 287, 293, 295, 296, 298, 299, 301, 303, 306, 309, 310, 313, 314, 315, 318, 342, 343, 345, 347, 348, 350, 351, 354, 371, 372, 374, 377, 378, 379, 380, 381, 382], "excluded_lines": [], "functions": {"get_custom_css": {"executed_lines": [], "summary": {"covered_lines": 0, "num_statements": 2, "percent_covered": 0.0, "percent_covered_display": "0.0", "missing_lines": 2, "excluded_lines": 0, "percent_statements_covered": 0.0, "percent_statements_covered_display": "0.0"}, "missing_lines": [64, 101], "excluded_lines": [], "start_line": 62}, "get_openai_client_instance": {"executed_lines": [], "summary": {"covered_lines": 0, "num_statements": 3, "percent_covered": 0.0, "percent_covered_display": "0.0", "missing_lines": 3, "excluded_lines": 0, "percent_statements_covered": 0.0, "percent_statements_covered_display": "0.0"}, "missing_lines": [106, 111, 115], "excluded_lines": [], "start_line": 105}, "get_file_extension_from_filepath": {"executed_lines": [], "summary": {"covered_lines": 0, "num_statements": 7, "percent_covered": 0.0, "percent_covered_display": "0.0", "missing_lines": 7, "excluded_lines": 0, "percent_statements_covered": 0.0, "percent_statements_covered_display": "0.0"}, "missing_lines": [119, 120, 121, 123, 125, 126, 130], "excluded_lines": [], "start_line": 118}, "get_language_from_file_path": {"executed_lines": [], "summary": {"covered_lines": 0, "num_statements": 4, "percent_covered": 0.0, "percent_covered_display": "0.0", "missing_lines": 4, "excluded_lines": 0, "percent_statements_covered": 0.0, "percent_statements_covered_display": "0.0"}, "missing_lines": [135, 138, 140, 143], "excluded_lines": [], "start_line": 133}, "define_code_language_selection": {"executed_lines": [], "summary": {"covered_lines": 0, "num_statements": 2, "percent_covered": 0.0, "percent_covered_display": "0.0", "missing_lines": 2, "excluded_lines": 0, "percent_statements_covered": 0.0, "percent_statements_covered_display": "0.0"}, "missing_lines": [149, 153], "excluded_lines": [], "start_line": 146}, "define_chatGPTModel": {"executed_lines": [], "summary": {"covered_lines": 0, "num_statements": 9, "percent_covered": 0.0, "percent_covered_display": "0.0", "missing_lines": 9, "excluded_lines": 0, "percent_statements_covered": 0.0, "percent_statements_covered_display": "0.0"}, "missing_lines": [160, 161, 168, 172, 180, 181, 182, 183, 185], "excluded_lines": [], "start_line": 156}, "reset_session_key_value": {"executed_lines": [], "summary": {"covered_lines": 0, "num_statements": 1, "percent_covered": 0.0, "percent_covered_display": "0.0", "missing_lines": 1, "excluded_lines": 0, "percent_statements_covered": 0.0, "percent_statements_covered_display": "0.0"}, "missing_lines": [189], "excluded_lines": [], "start_line": 188}, "add_upload_file_element": {"executed_lines": [], "summary": {"covered_lines": 0, "num_statements": 25, "percent_covered": 0.0, "percent_covered_display": "0.0", "missing_lines": 25, "excluded_lines": 0, "percent_statements_covered": 0.0, "percent_statements_cove
[...]
nes": 0, "percent_statements_covered": 0.0, "percent_statements_covered_display": "0.0"}, "missing_lines": [231, 233, 235, 240, 244, 245, 246, 247, 248, 249, 253, 254, 256, 257, 259], "excluded_lines": [], "start_line": 225}, "get_elements_as_list_wait_stale": {"executed_lines": [], "summary": {"covered_lines": 0, "num_statements": 10, "percent_covered": 0.0, "percent_covered_display": "0.0", "missing_lines": 10, "excluded_lines": 0, "percent_statements_covered": 0.0, "percent_statements_covered_display": "0.0"}, "missing_lines": [264, 266, 267, 269, 270, 271, 272, 273, 276, 278], "excluded_lines": [], "start_line": 262}, "wait_for_ajax": {"executed_lines": [], "summary": {"covered_lines": 0, "num_statements": 6, "percent_covered": 0.0, "percent_covered_display": "0.0", "missing_lines": 6, "excluded_lines": 0, "percent_statements_covered": 0.0, "percent_statements_covered_display": "0.0"}, "missing_lines": [282, 283, 284, 285, 286, 287], "excluded_lines": [], "start_line": 281}, "getText": {"executed_lines": [], "summary": {"covered_lines": 0, "num_statements": 6, "percent_covered": 0.0, "percent_covered_display": "0.0", "missing_lines": 6, "excluded_lines": 0, "percent_statements_covered": 0.0, "percent_statements_covered_display": "0.0"}, "missing_lines": [304, 306, 307, 309, 310, 313], "excluded_lines": [], "start_line": 290}, "window_scroll": {"executed_lines": [], "summary": {"covered_lines": 0, "num_statements": 4, "percent_covered": 0.0, "percent_covered_display": "0.0", "missing_lines": 4, "excluded_lines": 0, "percent_statements_covered": 0.0, "percent_statements_covered_display": "0.0"}, "missing_lines": [318, 319, 320, 321], "excluded_lines": [], "start_line": 316}, "close_tab": {"executed_lines": [], "summary": {"covered_lines": 0, "num_statements": 15, "percent_covered": 0.0, "percent_covered_display": "0.0", "missing_lines": 15, "excluded_lines": 0, "percent_statements_covered": 0.0, "percent_statements_covered_display": "0.0"}, "missing_lines": [326, 327, 329, 331, 332, 333, 334, 335, 337, 338, 339, 340, 341, 342, 343], "excluded_lines": [], "start_line": 325}, "get_driver_wait": {"executed_lines": [], "summary": {"covered_lines": 0, "num_statements": 3, "percent_covered": 0.0, "percent_covered_display": "0.0", "missing_lines": 3, "excluded_lines": 0, "percent_statements_covered": 0.0, "percent_statements_covered_display": "0.0"}, "missing_lines": [347, 348, 350], "excluded_lines": [], "start_line": 346}, "get_driver_wait_pair": {"executed_lines": [], "summary": {"covered_lines": 0, "num_statements": 14, "percent_covered": 0.0, "percent_covered_display": "0.0", "missing_lines": 14, "excluded_lines": 0, "percent_statements_covered": 0.0, "percent_statements_covered_display": "0.0"}, "missing_lines": [362, 363, 364, 365, 366, 367, 368, 369, 370, 372, 374, 377, 379, 384], "excluded_lines": [], "start_line": 358}, "clear_sessions": {"executed_lines": [], "summary": {"covered_lines": 0, "num_statements": 9, "percent_covered": 0.0, "percent_covered_display": "0.0", "missing_lines": 9, "excluded_lines": 0, "percent_statements_covered": 0.0, "percent_statements_covered_display": "0.0"}, "missing_lines": [389, 390, 391, 393, 394, 395, 396, 397, 398], "excluded_lines": [], "start_line": 387}, "load_cookies": {"executed_lines": [], "summary": {"covered_lines": 0, "num_statements": 14, "percent_covered": 0.0, "percent_covered_display": "0.0", "missing_lines": 14, "excluded_lines": 0, "percent_statements_covered": 0.0, "percent_statements_covered_display": "0.0"}, "missing_lines": [402, 403, 404, 405, 406, 407, 408, 410, 411, 412, 421, 422, 423, 424], "excluded_lines": [], "start_line": 401}, "RetryableWebDriver.__init__": {"executed_lines": [], "summary": {"covered_lines": 0, "num_statements": 3, "percent_covered": 0.0, "percent_covered_display": "0.0", "missing_lines": 3, "excluded_lines": 0, "percent_statements_covered": 0.0, "percent_statements_covered_display": "0.0"}, "missing_lines": [429, 430, 431], "excluded_lines": [], "start_line": 428}, "RetryableWebDriver.__getattr__": {"executed_lines": [], "summary": {"covered_lines": 0, "num_statements": 4, "percent_covered": 0.0, "percent_covered_display": "0.0", "missing_lines": 4, "excluded_lines": 0, "percent_statements_covered": 0.0, "percent_statements_covered_display": "0.0"}, "missing_lines": [435, 438, 439, 440], "excluded_lines": [], "start_line": 433}, "RetryableWebDriver._wrap_with_retry": {"executed_lines": [], "summary": {"covered_lines": 0, "num_statements": 2, "percent_covered": 0.0, "percent_covered_display": "0.0", "missing_lines": 2, "excluded_lines": 0, "percent_statements_covered": 0.0, "percent_statements_covered_display": "0.0"}, "missing_lines": [444, 457], "excluded_lines": [], "start_line": 442}, "RetryableWebDriver._wrap_with_retry.wrapper": {"executed_lines": [], "summary": {"covered_lines": 0, "num_statements": 11, "percent_covered": 0.0, "percent_covered_display": "0.0", "missing_lines": 11, "excluded_lines": 0, "percent_statements_covered": 0.0, "percent_statements_covered_display": "0.0"}, "missing_lines": [445, 446, 447, 448, 449, 450, 451, 452, 453, 454, 455], "excluded_lines": [], "start_line": 444}, "RetryableWebDriver.quit": {"executed_lines": [], "summary": {"covered_lines": 0, "num_statements": 4, "percent_covered": 0.0, "percent_covered_display": "0.0", "missing_lines": 4, "excluded_lines": 0, "percent_statements_covered": 0.0, "percent_statements_covered_display": "0.0"}, "missing_lines": [461, 462, 463, 464], "excluded_lines": [], "start_line": 460}, "create_retryable_driver": {"executed_lines": [], "summary": {"covered_lines": 0, "num_statements": 1, "percent_covered": 0.0, "percent_covered_display": "0.0", "missing_lines": 1, "excluded_lines": 0, "percent_statements_covered": 0.0, "percent_statements_covered_display": "0.0"}, "missing_lines": [469], "excluded_lines": [], "start_line": 468}, "setup_driver": {"executed_lines": [], "summary": {"covered_lines": 0, "num_statements": 2, "percent_covered": 0.0, "percent_covered_display": "0.0", "missing_lines": 2, "excluded_lines": 0, "percent_statements_covered": 0.0, "percent_statements_covered_display": "0.0"}, "missing_lines": [474, 475], "excluded_lines": [], "start_line": 473}, "WebDriverManager.__init__": {"executed_lines": [], "summary": {"covered_lines": 0, "num_statements": 2, "percent_covered": 0.0, "percent_covered_display": "0.0", "missing_lines": 2, "excluded_lines": 0, "percent_statements_covered": 0.0, "percent_statements_covered_display": "0.0"}, "missing_lines": [481, 482], "excluded_lines": [], "start_line": 480}, "WebDriverManager.__enter__": {"executed_lines": [], "summary": {"covered_lines": 0, "num_statements": 3, "percent_covered": 0.0, "percent_covered_display": "0.0", "missing_lines": 3, "excluded_lines": 0, "percent_statements_covered": 0.0, "percent_statements_covered_display": "0.0"}, "missing_lines": [485, 486, 487], "excluded_lines": [], "start_line": 484}, "WebDriverManager.__exit__": {"executed_lines": [], "summary": {"covered_lines": 0, "num_statements": 2, "percent_covered": 0.0, "percent_covered_display": "0.0", "missing_lines": 2, "excluded_lines": 0, "percent_statements_covered": 0.0, "percent_statements_covered_display": "0.0"}, "missing_lines": [490, 491], "excluded_lines": [], "start_line": 489}, "example_automation": {"executed_lines": [], "summary": {"covered_lines": 0, "num_statements": 10, "percent_covered": 0.0, "percent_covered_display": "0.0", "missing_lines": 10, "excluded_lines": 0, "percent_statements_covered": 0.0, "percent_statements_covered_display": "0.0"}, "missing_lines": [497, 498, 500, 501, 502, 504, 507, 509, 510, 511], "excluded_lines": [], "start_line": 495}, "complex_automation_example": {"executed_lines": [], "summary": {"covered_lines": 0, "num_statements": 11, "percent_covered": 0.0, "percent_covered_display": "0.0", "missing_lines": 11, "excluded_lines": 0, "percent_statements_covered": 0.0, "percent_statements_covered_display": "0.0"}, "missing_lines": [516, 517, 519, 522, 523, 526, 527, 530, 532, 533, 534], "excluded_lines": [], "start_line": 515}, "custom_retry_example": {"executed_lines": [], "summary": {"covered_lines": 0, "num_statements": 7, "percent_covered": 0.0, "percent_covered_display": "0.0", "missing_lines": 7, "excluded_lines": 0, "percent_statements_covered": 0.0, "percent_statements_covered_display": "0.0"}, "missing_lines": [539, 540, 547, 548, 549, 550, 551], "excluded_lines": [], "start_line": 538}, "custom_retry_example.custom_action": {"executed_lines": [], "summary": {"covered_lines": 0, "num_statements": 4, "percent_covered": 0.0, "percent_covered_display": "0.0", "missing_lines": 4, "excluded_lines": 0, "percent_statements_covered": 0.0, "percent_statements_covered_display": "0.0"}, "missing_lines": [541, 542, 544, 545], "excluded_lines": [], "start_line": 540}, "": {"executed_lines": [1, 2, 3, 4, 6, 7, 8, 9, 11, 12, 13, 14, 15, 16, 17, 19, 20, 21, 24, 33, 69, 116, 142, 173, 225, 262, 281, 290, 316, 325, 346, 358, 387, 401, 427, 428, 433, 442, 460, 468, 473, 479, 480, 484, 489, 495, 515, 538], "summary": {"covered_lines": 48, "num_statements": 49, "percent_covered": 97.95918367346938, "percent_covered_display": "98.0", "missing_lines": 1, "excluded_lines": 0, "percent_statements_covered": 97.95918367346938, "percent_statements_covered_display": "98.0"}, "missing_lines": [443], "excluded_lines": [], "start_line": 1}}, "classes": {"RetryableWebDriver": {"executed_lines": [], "summary": {"covered_lines": 0, "num_statements": 24, "percent_covered": 0.0, "percent_covered_display": "0.0", "missing_lines": 24, "excluded_lines": 0, "percent_statements_covered": 0.0, "percent_statements_covered_display": "0.0"}, "missing_lines": [429, 430, 431, 435, 438, 439, 440, 444, 445, 446, 447, 448, 449, 450, 451, 452, 453, 454, 455, 457, 461, 462, 463, 464], "excluded_lines": [], "start_line": 427}, "WebDriverManager": {"executed_lines": [], "summary": {"covered_lines": 0, "num_statements": 7, "percent_covered": 0.0, "percent_covered_display": "0.0", "missing_lines": 7, "excluded_lines": 0, "percent_statements_covered": 0.0, "percent_statements_covered_display": "0.0"}, "missing_lines": [481, 482, 485, 486, 487, 490, 491], "excluded_lines": [], "start_line": 479}, "": {"executed_lines": [1, 2, 3, 4, 6, 7, 8, 9, 11, 12, 13, 14, 15, 16, 17, 19, 20, 21, 24, 33, 69, 116, 142, 173, 225, 262, 281, 290, 316, 325, 346, 358, 387, 401, 427, 428, 433, 442, 460, 468, 473, 479, 480, 484, 489, 495, 515, 538], "summary": {"covered_lines": 48, "num_statements": 283, "percent_covered": 16.96113074204947, "percent_covered_display": "17.0", "missing_lines": 235, "excluded_lines": 0, "percent_statements_covered": 16.96113074204947, "percent_statements_covered_display": "17.0"}, "missing_lines": [25, 26, 27, 28, 29, 30, 35, 36, 37, 40, 41, 42, 43, 44, 45, 49, 51, 52, 53, 54, 56, 57, 58, 59, 60, 62, 64, 66, 70, 72, 73, 75, 76, 79, 80, 81, 82, 86, 87, 89, 91, 97, 98, 102, 103, 110, 111, 113, 119, 122, 123, 124, 125, 126, 127, 128, 129, 130, 131, 132, 133, 134, 135, 137, 139, 143, 145, 146, 147, 151, 153, 154, 155, 158, 159, 170, 180, 182, 185, 187, 188, 189, 190, 192, 194, 195, 197, 198, 199, 200, 201, 202, 206, 208, 210, 212, 213, 215, 216, 217, 218, 220, 222, 231, 233, 235, 240, 244, 245, 246, 247, 248, 249, 253, 254, 256, 257, 259, 264, 266, 267, 269, 270, 271, 272, 273, 276, 278, 282, 283, 284, 285, 286, 287, 304, 306, 307, 309, 310, 313, 318, 319, 320, 321, 326, 327, 329, 331, 332, 333, 334, 335, 337, 338, 339, 340, 341, 342, 343, 347, 348, 350, 362, 363, 364, 365, 366, 367, 368, 369, 370, 372, 374, 377, 379, 384, 389, 390, 391, 393, 394, 395, 396, 397, 398, 402, 403, 404, 405, 406, 407, 408, 410, 411, 412, 421, 422, 423, 424, 443, 469, 474, 475, 497, 498, 500, 501, 502, 504, 507, 509, 510, 511, 516, 517, 519, 522, 523, 526, 527, 530, 532, 533, 534, 539, 540, 541, 542, 544, 545, 547, 548, 549, 550, 551], "excluded_lines": [], "start_line": 1}}}, "src/cqc_lem/utilities/utils.py": {"executed_lines": [1, 2, 3, 4, 5, 6, 8, 9, 10, 12, 15, 34, 42, 64, 65, 66, 69, 74, 89, 98, 104, 121, 136, 140, 148, 152, 172], "summary": {"covered_lines": 27, "num_statements": 94, "percent_covered": 28.72340425531915, "percent_covered_display": "28.7", "missing_lines": 67, "excluded_lines": 0, "percent_statements_covered": 28.72340425531915, "percent_statements_covered_display": "28.7"}, "missing_lines": [18, 19, 20, 21, 22, 23, 24, 26, 27, 28, 29, 31, 35, 36, 45, 47, 48, 49, 51, 52, 53, 55, 56, 57, 58, 59, 60, 61, 70, 71, 76, 86, 90, 93, 95, 100, 101, 106, 107, 110, 111, 114, 115, 116, 118, 122, 123, 124, 126, 128, 129, 133, 137, 141, 142, 149, 154, 159, 160, 163, 164, 166, 167, 169, 174, 175, 179], "excluded_lines": [], "functions": {"debug_function": {"executed_lines": [], "summary": {"covered_lines": 0, "num_statements": 3, "percent_covered": 0.0, "percent_covered_display": "0.0", "missing_lines": 3, "excluded_lines": 0, "percent_statements_covered": 0.0, "percent_statements_covered_display": "0.0"}, "missing_lines": [18, 19, 31], "excluded_lines": [], "start_line": 15}, "debug_function.inner_function": {"executed_lines": [], "summary": {"covered_lines": 0, "num_statements": 9, "percent_covered": 0.0, "percent_covered_display": "0.0", "missing_lines": 9, "excluded_lines": 0, "percent_statements_covered": 0.0, "percent_statements_covered_display": "0.0"}, "missing_lines": [20, 21, 22, 23, 24, 26, 27, 28, 29], "excluded_lines": [], "start_line": 19}, "create_folder_if_not_exists": {"executed_lines": [], "summary": {"covered_lines": 0, "num_statements": 2, "percent_covered": 0.0, "percent_covered_display": "0.0", "missing_lines": 2, "excluded_lines": 0, "percent_statements_covered": 0.0, "percent_statements_covered_display": "0.0"}, "missing_lines": [35, 36], "excluded_lines": [], "start_line": 34}, "are_you_satisfied": {"executed_lines": [], "summary": {"covered_lines": 0, "num_statements": 14, "percent_covered": 0.0, "percent_covered_display": "0.0", "missing_lines": 14, "excluded_lines": 0, "percent_statements_covered": 0.0, "percent_statements_covered_display": "0.0"}, "missing_lines": [45, 47, 48, 49, 51, 52, 53, 55, 56, 57, 58, 59, 60, 61], "excluded_lines": [], "start_line": 42}, "get_top_level_domain": {"executed_lines": [], "summary": {"covered_lines": 0, "num_statements": 2, "percent_covered": 0.0, "percent_covered_display": "0.0", "missing_lines": 2, "excluded_lines": 0, "percent_statements_covered": 0.0, "percent_statements_covered_display": "0.0"}, "missing_lines": [70, 71], "excluded_lines": [], "start_line": 69}, "get_best_posting_times": {"executed_lines": [], "summary": {"covered_lines": 0, "num_statements": 2, "percent_covered": 0.0, "percent_covered_display": "0.0", "missing_lines": 2, "excluded_lines": 0, "percent_statements_covered": 0.0, "percent_statements_covered_display": "0.0"}, "missing_lines": [76, 86], "excluded_lines": [], "start_line": 74}, "get_best_posting_time": {"executed_lines": [], "summary": {"covered_lines": 0, "num_statements": 3, "percent_covered": 0.0, "percent_covered_display": "0.0", "missing_lines": 3, "excluded_lines": 0, "percent_statements_covered": 0.0, "percent_statements_covered_display": "0.0"}, "missing_lines": [90, 93, 95], "excluded_lines": [], "start_line": 89}, "get_12h_format_best_time": {"executed_lines": [], "summary": {"covered_lines": 0, "num_statements": 2, "percent_covered": 0.0, "percent_covered_display": "0.0", "missing_lines": 2, "excluded_lines": 0, "percent_statements_covered": 0.0, "percent_statements_covered_display": "0.0"}, "missing_lines": [100, 101], "excluded_lines": [], "start_line": 98}, "save_video_url_to_dir": {"executed_lines": [], "summary": {"covered_lines": 0, "num_statements": 8, "percent_covered": 0.0, "percent_covered_display": "0.0", "missing_lines": 8, "excluded_lines": 0, "percent_statements_covered": 0.0, "percent_statements_covered_display": "0.0"}, "missing_lines": [106, 107, 110, 111, 114, 115, 116, 118], "excluded_lines": [], "start_line": 104}, "get_file_extension_from_filepath": {"executed_lines": [], "summary": {"covered_lines": 0, "num_statements": 7, "percent_covered": 0.0, "percent_covered_display": "0.0", "missing_lines": 7, "excluded_lines": 0, "percent_statements_covered": 0.0, "percent_statements_covered_display": "0.0"}, "missing_lines": [122, 123, 124, 126, 128, 129, 133], "excluded_lines": [], "start_line": 121}, "get_aws_session": {"executed_lines": [], "summary": {"covered_lines": 0, "num_statements": 1, "percent_covered": 0.0, "percent_covered_display": "0.0", "missing_lines": 1, "excluded_lines": 0, "percent_statements_covered": 0.0, "percent_statements_covered_display": "0.0"}, "missing_lines": [137], "excluded_lines": [], "start_line": 136}, "get_aws_client": {"executed_lines": [], "summary": {"covered_lines": 0, "num_statements": 2, "percent_covered": 0.0, "percent_covered_display": "0.0", "missing_lines": 2, "excluded_lines": 0, "percent_statements_covered": 0.0, "percent_statements_covered_display": "0.0"}, "missing_lines": [141, 142], "excluded_lines": [], "start_line": 140}, "get_cloudwatch_client": {"executed_lines": [], "summary": {"covered_lines": 0, "num_statements": 1, "percent_covered": 0.0, "percent_covered_display": "0.0", "missing_lines": 1, "excluded_lines": 0, "percent_statements_covered": 0.0, "percent_statements_covered_display": "0.0"}, "missing_lines": [149], "excluded_lines": [], "start_line": 148}, "get_aws_ssm_secret": {"executed_lines": [], "summary": {"covered_lines": 0, "num_statements": 8, "percent_covered": 0.0, "percent_covered_display": "0.0", "missing_lines": 8, "excluded_lines": 0, "percent_statements_covered": 0.0, "percent_statements_covered_display": "0.0"}, "missing_lines": [154, 159, 160, 163, 164, 166, 167, 169], "excluded_lines": [], "start_line": 152}, "get_aws_device_farm_url": {"executed_lines": [], "summary": {"covered_lines": 0, "num_statements": 3, "percent_covered": 0.0, "percent_covered_display": "0.0", "missing_lines": 3, "excluded_lines": 0, "percent_statements_covered": 0.0, "percent_statements_covered_display": "0.0"}, "missing_lines": [174, 175, 179], "excluded_lines": [], "start_line": 172}, "": {"executed_lines": [1, 2, 3, 4, 5, 6, 8, 9, 10, 12, 15, 34, 42, 64, 65, 66, 69, 74, 89, 98, 104, 121, 136, 140, 148, 152, 172], "summary": {"covered_lines": 27, "num_statements": 27, "percent_covered": 100.0, "percent_covered_display": "100.0", "missing_lines": 0, "excluded_lines": 0, "percent_statements_covered": 100.0, "percent_statements_covered_display": "100.0"}, "missing_lines": [], "excluded_lines": [], "start_line": 1}}, "classes": {"Satisfactory": {"executed_lines": [], "summary": {"covered_lines": 0, "num_statements": 0, "percent_covered": 100.0, "percent_covered_display": "100.0", "missing_lines": 0, "excluded_lines": 0, "percent_statements_covered": 100.0, "percent_statements_covered_display": "100.0"}, "missing_lines": [], "excluded_lines": [], "start_line": 64}, "": {"executed_lines": [1, 2, 3, 4, 5, 6, 8, 9, 10, 12, 15, 34, 42, 64, 65, 66, 69, 74, 89, 98, 104, 121, 136, 140, 148, 152, 172], "summary": {"covered_lines": 27, "num_statements": 94, "percent_covered": 28.72340425531915, "percent_covered_display": "28.7", "missing_lines": 67, "excluded_lines": 0, "percent_statements_covered": 28.72340425531915, "percent_statements_covered_display": "28.7"}, "missing_lines": [18, 19, 20, 21, 22, 23, 24, 26, 27, 28, 29, 31, 35, 36, 45, 47, 48, 49, 51, 52, 53, 55, 56, 57, 58, 59, 60, 61, 70, 71, 76, 86, 90, 93, 95, 100, 101, 106, 107, 110, 111, 114, 115, 116, 118, 122, 123, 124, 126, 128, 129, 133, 137, 141, 142, 149, 154, 159, 160, 163, 164, 166, 167, 169, 174, 175, 179], "excluded_lines": [], "start_line": 1}}}}, "totals": {"covered_lines": 634, "num_statements": 4522, "percent_covered": 14.020344980097303, "percent_covered_display": "14.0", "missing_lines": 3888, "excluded_lines": 27, "percent_statements_covered": 14.020344980097303, "percent_statements_covered_display": "14.0"}}